mode: set
github.com/nullplatform/terraform-provider-nullplatform/nullplatform/account.go:24.72,28.16 3 0
github.com/nullplatform/terraform-provider-nullplatform/nullplatform/account.go:28.16,30.3 1 0
github.com/nullplatform/terraform-provider-nullplatform/nullplatform/account.go:32.2,33.16 2 0
github.com/nullplatform/terraform-provider-nullplatform/nullplatform/account.go:33.16,35.3 1 0
github.com/nullplatform/terraform-provider-nullplatform/nullplatform/account.go:36.2,38.37 2 0
github.com/nullplatform/terraform-provider-nullplatform/nullplatform/account.go:38.37,40.65 2 0
github.com/nullplatform/terraform-provider-nullplatform/nullplatform/account.go:40.65,42.4 1 0
github.com/nullplatform/terraform-provider-nullplatform/nullplatform/account.go:43.3,43.124 1 0
github.com/nullplatform/terraform-provider-nullplatform/nullplatform/account.go:46.2,49.17 3 0
github.com/nullplatform/terraform-provider-nullplatform/nullplatform/account.go:49.17,51.3 1 0
github.com/nullplatform/terraform-provider-nullplatform/nullplatform/account.go:53.2,53.24 1 0
github.com/nullplatform/terraform-provider-nullplatform/nullplatform/account.go:56.77,62.16 4 0
github.com/nullplatform/terraform-provider-nullplatform/nullplatform/account.go:62.16,64.3 1 0
github.com/nullplatform/terraform-provider-nullplatform/nullplatform/account.go:66.2,67.16 2 0
github.com/nullplatform/terraform-provider-nullplatform/nullplatform/account.go:67.16,69.3 1 0
github.com/nullplatform/terraform-provider-nullplatform/nullplatform/account.go:70.2,72.83 2 0
github.com/nullplatform/terraform-provider-nullplatform/nullplatform/account.go:72.83,74.65 2 0
github.com/nullplatform/terraform-provider-nullplatform/nullplatform/account.go:74.65,76.4 1 0
github.com/nullplatform/terraform-provider-nullplatform/nullplatform/account.go:77.3,77.119 1 0
github.com/nullplatform/terraform-provider-nullplatform/nullplatform/account.go:80.2,80.12 1 0
github.com/nullplatform/terraform-provider-nullplatform/nullplatform/account.go:83.69,91.16 3 0
github.com/nullplatform/terraform-provider-nullplatform/nullplatform/account.go:91.16,93.3 1 0
github.com/nullplatform/terraform-provider-nullplatform/nullplatform/account.go:94.2,99.17 4 0
github.com/nullplatform/terraform-provider-nullplatform/nullplatform/account.go:99.17,101.3 1 0
github.com/nullplatform/terraform-provider-nullplatform/nullplatform/account.go:103.2,103.33 1 0
github.com/nullplatform/terraform-provider-nullplatform/nullplatform/account.go:103.33,105.3 1 0
github.com/nullplatform/terraform-provider-nullplatform/nullplatform/account.go:107.2,107.37 1 0
github.com/nullplatform/terraform-provider-nullplatform/nullplatform/account.go:107.37,109.3 1 0
github.com/nullplatform/terraform-provider-nullplatform/nullplatform/account.go:111.2,111.21 1 0
github.com/nullplatform/terraform-provider-nullplatform/nullplatform/account.go:114.60,118.16 3 0
github.com/nullplatform/terraform-provider-nullplatform/nullplatform/account.go:118.16,120.3 1 0
github.com/nullplatform/terraform-provider-nullplatform/nullplatform/account.go:121.2,123.37 2 0
github.com/nullplatform/terraform-provider-nullplatform/nullplatform/account.go:123.37,125.65 2 0
github.com/nullplatform/terraform-provider-nullplatform/nullplatform/account.go:125.65,127.4 1 0
github.com/nullplatform/terraform-provider-nullplatform/nullplatform/account.go:128.3,128.110 1 0
github.com/nullplatform/terraform-provider-nullplatform/nullplatform/account.go:131.2,131.12 1 0
github.com/nullplatform/terraform-provider-nullplatform/nullplatform/action_instance.go:24.104,26.57 2 1
github.com/nullplatform/terraform-provider-nullplatform/nullplatform/action_instance.go:26.57,28.3 1 0
github.com/nullplatform/terraform-provider-nullplatform/nullplatform/action_instance.go:29.2,32.16 3 1
github.com/nullplatform/terraform-provider-nullplatform/nullplatform/action_instance.go:32.16,34.3 1 0
github.com/nullplatform/terraform-provider-nullplatform/nullplatform/action_instance.go:35.2,37.77 2 1
github.com/nullplatform/terraform-provider-nullplatform/nullplatform/action_instance.go:37.77,40.3 2 1
github.com/nullplatform/terraform-provider-nullplatform/nullplatform/action_instance.go:42.2,43.62 2 1
github.com/nullplatform/terraform-provider-nullplatform/nullplatform/action_instance.go:43.62,45.3 1 0
github.com/nullplatform/terraform-provider-nullplatform/nullplatform/action_instance.go:46.2,46.17 1 1
github.com/nullplatform/terraform-provider-nullplatform/nullplatform/action_instance.go:49.92,53.16 3 1
github.com/nullplatform/terraform-provider-nullplatform/nullplatform/action_instance.go:53.16,55.3 1 0
github.com/nullplatform/terraform-provider-nullplatform/nullplatform/action_instance.go:56.2,58.37 2 1
github.com/nullplatform/terraform-provider-nullplatform/nullplatform/action_instance.go:58.37,61.3 2 1
github.com/nullplatform/terraform-provider-nullplatform/nullplatform/action_instance.go:63.2,64.62 2 1
github.com/nullplatform/terraform-provider-nullplatform/nullplatform/action_instance.go:64.62,66.3 1 0
github.com/nullplatform/terraform-provider-nullplatform/nullplatform/action_instance.go:67.2,67.17 1 1
github.com/nullplatform/terraform-provider-nullplatform/nullplatform/action_instance.go:70.113,72.57 2 1
github.com/nullplatform/terraform-provider-nullplatform/nullplatform/action_instance.go:72.57,74.3 1 0
github.com/nullplatform/terraform-provider-nullplatform/nullplatform/action_instance.go:75.2,78.16 3 1
github.com/nullplatform/terraform-provider-nullplatform/nullplatform/action_instance.go:78.16,80.3 1 0
github.com/nullplatform/terraform-provider-nullplatform/nullplatform/action_instance.go:81.2,83.79 2 1
github.com/nullplatform/terraform-provider-nullplatform/nullplatform/action_instance.go:83.79,86.3 2 0
github.com/nullplatform/terraform-provider-nullplatform/nullplatform/action_instance.go:88.2,89.37 2 1
github.com/nullplatform/terraform-provider-nullplatform/nullplatform/action_instance.go:89.37,90.63 1 1
github.com/nullplatform/terraform-provider-nullplatform/nullplatform/action_instance.go:90.63,92.4 1 0
github.com/nullplatform/terraform-provider-nullplatform/nullplatform/action_instance.go:94.2,94.17 1 1
github.com/nullplatform/terraform-provider-nullplatform/nullplatform/action_instance.go:97.76,101.16 3 1
github.com/nullplatform/terraform-provider-nullplatform/nullplatform/action_instance.go:101.16,103.3 1 0
github.com/nullplatform/terraform-provider-nullplatform/nullplatform/action_instance.go:104.2,106.120 2 1
github.com/nullplatform/terraform-provider-nullplatform/nullplatform/action_instance.go:106.120,109.3 2 0
github.com/nullplatform/terraform-provider-nullplatform/nullplatform/action_instance.go:111.2,111.12 1 1
github.com/nullplatform/terraform-provider-nullplatform/nullplatform/action_specification.go:30.69,31.29 1 1
github.com/nullplatform/terraform-provider-nullplatform/nullplatform/action_specification.go:31.29,33.3 1 1
github.com/nullplatform/terraform-provider-nullplatform/nullplatform/action_specification.go:34.2,34.77 1 0
github.com/nullplatform/terraform-provider-nullplatform/nullplatform/action_specification.go:37.102,40.36 2 1
github.com/nullplatform/terraform-provider-nullplatform/nullplatform/action_specification.go:40.36,43.3 2 1
github.com/nullplatform/terraform-provider-nullplatform/nullplatform/action_specification.go:43.8,46.3 2 0
github.com/nullplatform/terraform-provider-nullplatform/nullplatform/action_specification.go:48.2,52.16 4 1
github.com/nullplatform/terraform-provider-nullplatform/nullplatform/action_specification.go:52.16,54.3 1 0
github.com/nullplatform/terraform-provider-nullplatform/nullplatform/action_specification.go:56.2,57.16 2 1
github.com/nullplatform/terraform-provider-nullplatform/nullplatform/action_specification.go:57.16,59.3 1 0
github.com/nullplatform/terraform-provider-nullplatform/nullplatform/action_specification.go:60.2,62.77 2 1
github.com/nullplatform/terraform-provider-nullplatform/nullplatform/action_specification.go:62.77,65.3 2 1
github.com/nullplatform/terraform-provider-nullplatform/nullplatform/action_specification.go:67.2,68.63 2 1
github.com/nullplatform/terraform-provider-nullplatform/nullplatform/action_specification.go:68.63,70.3 1 0
github.com/nullplatform/terraform-provider-nullplatform/nullplatform/action_specification.go:72.2,72.18 1 1
github.com/nullplatform/terraform-provider-nullplatform/nullplatform/action_specification.go:75.112,79.16 3 1
github.com/nullplatform/terraform-provider-nullplatform/nullplatform/action_specification.go:79.16,81.3 1 0
github.com/nullplatform/terraform-provider-nullplatform/nullplatform/action_specification.go:82.2,84.37 2 1
github.com/nullplatform/terraform-provider-nullplatform/nullplatform/action_specification.go:84.37,87.3 2 0
github.com/nullplatform/terraform-provider-nullplatform/nullplatform/action_specification.go:89.2,90.63 2 1
github.com/nullplatform/terraform-provider-nullplatform/nullplatform/action_specification.go:90.63,92.3 1 0
github.com/nullplatform/terraform-provider-nullplatform/nullplatform/action_specification.go:94.2,94.18 1 1
github.com/nullplatform/terraform-provider-nullplatform/nullplatform/action_specification.go:97.121,103.16 5 1
github.com/nullplatform/terraform-provider-nullplatform/nullplatform/action_specification.go:103.16,105.3 1 0
github.com/nullplatform/terraform-provider-nullplatform/nullplatform/action_specification.go:107.2,108.16 2 1
github.com/nullplatform/terraform-provider-nullplatform/nullplatform/action_specification.go:108.16,110.3 1 0
github.com/nullplatform/terraform-provider-nullplatform/nullplatform/action_specification.go:111.2,113.79 2 1
github.com/nullplatform/terraform-provider-nullplatform/nullplatform/action_specification.go:113.79,116.3 2 0
github.com/nullplatform/terraform-provider-nullplatform/nullplatform/action_specification.go:118.2,118.12 1 1
github.com/nullplatform/terraform-provider-nullplatform/nullplatform/action_specification.go:121.101,125.16 3 1
github.com/nullplatform/terraform-provider-nullplatform/nullplatform/action_specification.go:125.16,127.3 1 0
github.com/nullplatform/terraform-provider-nullplatform/nullplatform/action_specification.go:128.2,130.37 2 1
github.com/nullplatform/terraform-provider-nullplatform/nullplatform/action_specification.go:130.37,133.3 2 0
github.com/nullplatform/terraform-provider-nullplatform/nullplatform/action_specification.go:135.2,138.66 2 1
github.com/nullplatform/terraform-provider-nullplatform/nullplatform/action_specification.go:138.66,140.3 1 0
github.com/nullplatform/terraform-provider-nullplatform/nullplatform/action_specification.go:142.2,142.28 1 1
github.com/nullplatform/terraform-provider-nullplatform/nullplatform/action_specification.go:148.102,152.16 3 1
github.com/nullplatform/terraform-provider-nullplatform/nullplatform/action_specification.go:152.16,154.3 1 0
github.com/nullplatform/terraform-provider-nullplatform/nullplatform/action_specification.go:155.2,157.37 2 1
github.com/nullplatform/terraform-provider-nullplatform/nullplatform/action_specification.go:157.37,160.3 2 0
github.com/nullplatform/terraform-provider-nullplatform/nullplatform/action_specification.go:162.2,165.66 2 1
github.com/nullplatform/terraform-provider-nullplatform/nullplatform/action_specification.go:165.66,167.3 1 0
github.com/nullplatform/terraform-provider-nullplatform/nullplatform/action_specification.go:169.2,169.28 1 1
github.com/nullplatform/terraform-provider-nullplatform/nullplatform/action_specification.go:172.98,177.16 4 0
github.com/nullplatform/terraform-provider-nullplatform/nullplatform/action_specification.go:177.16,179.3 1 0
github.com/nullplatform/terraform-provider-nullplatform/nullplatform/action_specification.go:180.2,182.120 2 0
github.com/nullplatform/terraform-provider-nullplatform/nullplatform/action_specification.go:182.120,185.3 2 0
github.com/nullplatform/terraform-provider-nullplatform/nullplatform/action_specification.go:187.2,187.12 1 0
github.com/nullplatform/terraform-provider-nullplatform/nullplatform/api_key.go:48.65,52.16 3 0
github.com/nullplatform/terraform-provider-nullplatform/nullplatform/api_key.go:52.16,54.3 1 0
github.com/nullplatform/terraform-provider-nullplatform/nullplatform/api_key.go:55.2,57.37 2 0
github.com/nullplatform/terraform-provider-nullplatform/nullplatform/api_key.go:57.37,60.3 2 0
github.com/nullplatform/terraform-provider-nullplatform/nullplatform/api_key.go:62.2,64.16 3 0
github.com/nullplatform/terraform-provider-nullplatform/nullplatform/api_key.go:64.16,66.3 1 0
github.com/nullplatform/terraform-provider-nullplatform/nullplatform/api_key.go:68.2,68.20 1 0
github.com/nullplatform/terraform-provider-nullplatform/nullplatform/api_key.go:71.101,74.16 3 0
github.com/nullplatform/terraform-provider-nullplatform/nullplatform/api_key.go:74.16,76.3 1 0
github.com/nullplatform/terraform-provider-nullplatform/nullplatform/api_key.go:78.2,79.16 2 0
github.com/nullplatform/terraform-provider-nullplatform/nullplatform/api_key.go:79.16,81.3 1 0
github.com/nullplatform/terraform-provider-nullplatform/nullplatform/api_key.go:82.2,84.42 2 0
github.com/nullplatform/terraform-provider-nullplatform/nullplatform/api_key.go:84.42,87.3 2 0
github.com/nullplatform/terraform-provider-nullplatform/nullplatform/api_key.go:89.2,91.16 3 0
github.com/nullplatform/terraform-provider-nullplatform/nullplatform/api_key.go:91.16,93.3 1 0
github.com/nullplatform/terraform-provider-nullplatform/nullplatform/api_key.go:95.2,95.20 1 0
github.com/nullplatform/terraform-provider-nullplatform/nullplatform/api_key.go:98.85,103.16 4 0
github.com/nullplatform/terraform-provider-nullplatform/nullplatform/api_key.go:103.16,105.3 1 0
github.com/nullplatform/terraform-provider-nullplatform/nullplatform/api_key.go:107.2,108.16 2 0
github.com/nullplatform/terraform-provider-nullplatform/nullplatform/api_key.go:108.16,110.3 1 0
github.com/nullplatform/terraform-provider-nullplatform/nullplatform/api_key.go:111.2,113.83 2 0
github.com/nullplatform/terraform-provider-nullplatform/nullplatform/api_key.go:113.83,116.3 2 0
github.com/nullplatform/terraform-provider-nullplatform/nullplatform/api_key.go:118.2,118.12 1 0
github.com/nullplatform/terraform-provider-nullplatform/nullplatform/api_key.go:121.57,125.16 3 0
github.com/nullplatform/terraform-provider-nullplatform/nullplatform/api_key.go:125.16,127.3 1 0
github.com/nullplatform/terraform-provider-nullplatform/nullplatform/api_key.go:128.2,130.44 2 0
github.com/nullplatform/terraform-provider-nullplatform/nullplatform/api_key.go:130.44,133.3 2 0
github.com/nullplatform/terraform-provider-nullplatform/nullplatform/api_key.go:135.2,135.12 1 0
github.com/nullplatform/terraform-provider-nullplatform/nullplatform/application.go:29.88,31.67 2 1
github.com/nullplatform/terraform-provider-nullplatform/nullplatform/application.go:31.67,33.3 1 0
github.com/nullplatform/terraform-provider-nullplatform/nullplatform/application.go:35.2,36.16 2 1
github.com/nullplatform/terraform-provider-nullplatform/nullplatform/application.go:36.16,38.3 1 0
github.com/nullplatform/terraform-provider-nullplatform/nullplatform/application.go:39.2,41.77 2 1
github.com/nullplatform/terraform-provider-nullplatform/nullplatform/application.go:41.77,43.65 2 0
github.com/nullplatform/terraform-provider-nullplatform/nullplatform/application.go:43.65,45.4 1 0
github.com/nullplatform/terraform-provider-nullplatform/nullplatform/application.go:46.3,46.128 1 0
github.com/nullplatform/terraform-provider-nullplatform/nullplatform/application.go:49.2,50.62 2 1
github.com/nullplatform/terraform-provider-nullplatform/nullplatform/application.go:50.62,52.3 1 0
github.com/nullplatform/terraform-provider-nullplatform/nullplatform/application.go:54.2,54.17 1 1
github.com/nullplatform/terraform-provider-nullplatform/nullplatform/application.go:57.85,61.67 3 1
github.com/nullplatform/terraform-provider-nullplatform/nullplatform/application.go:61.67,63.3 1 0
github.com/nullplatform/terraform-provider-nullplatform/nullplatform/application.go:65.2,66.16 2 1
github.com/nullplatform/terraform-provider-nullplatform/nullplatform/application.go:66.16,68.3 1 0
github.com/nullplatform/terraform-provider-nullplatform/nullplatform/application.go:69.2,71.79 2 1
github.com/nullplatform/terraform-provider-nullplatform/nullplatform/application.go:71.79,73.65 2 0
github.com/nullplatform/terraform-provider-nullplatform/nullplatform/application.go:73.65,75.4 1 0
github.com/nullplatform/terraform-provider-nullplatform/nullplatform/application.go:76.3,76.123 1 0
github.com/nullplatform/terraform-provider-nullplatform/nullplatform/application.go:79.2,79.12 1 1
github.com/nullplatform/terraform-provider-nullplatform/nullplatform/application.go:82.60,86.16 3 1
github.com/nullplatform/terraform-provider-nullplatform/nullplatform/application.go:86.16,88.3 1 0
github.com/nullplatform/terraform-provider-nullplatform/nullplatform/application.go:89.2,91.120 2 1
github.com/nullplatform/terraform-provider-nullplatform/nullplatform/application.go:91.120,93.65 2 0
github.com/nullplatform/terraform-provider-nullplatform/nullplatform/application.go:93.65,95.4 1 0
github.com/nullplatform/terraform-provider-nullplatform/nullplatform/application.go:96.3,96.114 1 0
github.com/nullplatform/terraform-provider-nullplatform/nullplatform/application.go:99.2,99.12 1 1
github.com/nullplatform/terraform-provider-nullplatform/nullplatform/application.go:102.73,106.16 3 0
github.com/nullplatform/terraform-provider-nullplatform/nullplatform/application.go:106.16,108.3 1 0
github.com/nullplatform/terraform-provider-nullplatform/nullplatform/application.go:109.2,114.17 4 0
github.com/nullplatform/terraform-provider-nullplatform/nullplatform/application.go:114.17,116.3 1 0
github.com/nullplatform/terraform-provider-nullplatform/nullplatform/application.go:118.2,118.37 1 0
github.com/nullplatform/terraform-provider-nullplatform/nullplatform/application.go:118.37,120.3 1 0
github.com/nullplatform/terraform-provider-nullplatform/nullplatform/application.go:122.2,122.17 1 0
github.com/nullplatform/terraform-provider-nullplatform/nullplatform/approval_action.go:24.92,28.16 3 0
github.com/nullplatform/terraform-provider-nullplatform/nullplatform/approval_action.go:28.16,30.3 1 0
github.com/nullplatform/terraform-provider-nullplatform/nullplatform/approval_action.go:32.2,33.16 2 0
github.com/nullplatform/terraform-provider-nullplatform/nullplatform/approval_action.go:33.16,35.3 1 0
github.com/nullplatform/terraform-provider-nullplatform/nullplatform/approval_action.go:36.2,38.37 2 0
github.com/nullplatform/terraform-provider-nullplatform/nullplatform/approval_action.go:38.37,40.65 2 0
github.com/nullplatform/terraform-provider-nullplatform/nullplatform/approval_action.go:40.65,42.4 1 0
github.com/nullplatform/terraform-provider-nullplatform/nullplatform/approval_action.go:43.3,44.123 2 0
github.com/nullplatform/terraform-provider-nullplatform/nullplatform/approval_action.go:47.2,50.17 3 0
github.com/nullplatform/terraform-provider-nullplatform/nullplatform/approval_action.go:50.17,52.3 1 0
github.com/nullplatform/terraform-provider-nullplatform/nullplatform/approval_action.go:54.2,54.23 1 0
github.com/nullplatform/terraform-provider-nullplatform/nullplatform/approval_action.go:57.97,63.16 4 0
github.com/nullplatform/terraform-provider-nullplatform/nullplatform/approval_action.go:63.16,65.3 1 0
github.com/nullplatform/terraform-provider-nullplatform/nullplatform/approval_action.go:67.2,68.16 2 0
github.com/nullplatform/terraform-provider-nullplatform/nullplatform/approval_action.go:68.16,70.3 1 0
github.com/nullplatform/terraform-provider-nullplatform/nullplatform/approval_action.go:71.2,73.83 2 0
github.com/nullplatform/terraform-provider-nullplatform/nullplatform/approval_action.go:73.83,75.3 1 0
github.com/nullplatform/terraform-provider-nullplatform/nullplatform/approval_action.go:77.2,77.12 1 0
github.com/nullplatform/terraform-provider-nullplatform/nullplatform/approval_action.go:80.90,84.16 3 0
github.com/nullplatform/terraform-provider-nullplatform/nullplatform/approval_action.go:84.16,86.3 1 0
github.com/nullplatform/terraform-provider-nullplatform/nullplatform/approval_action.go:87.2,92.17 4 0
github.com/nullplatform/terraform-provider-nullplatform/nullplatform/approval_action.go:92.17,94.3 1 0
github.com/nullplatform/terraform-provider-nullplatform/nullplatform/approval_action.go:96.2,96.32 1 0
github.com/nullplatform/terraform-provider-nullplatform/nullplatform/approval_action.go:96.32,98.3 1 0
github.com/nullplatform/terraform-provider-nullplatform/nullplatform/approval_action.go:100.2,100.37 1 0
github.com/nullplatform/terraform-provider-nullplatform/nullplatform/approval_action.go:100.37,102.3 1 0
github.com/nullplatform/terraform-provider-nullplatform/nullplatform/approval_action.go:104.2,104.20 1 0
github.com/nullplatform/terraform-provider-nullplatform/nullplatform/approval_action.go:107.74,111.16 3 0
github.com/nullplatform/terraform-provider-nullplatform/nullplatform/approval_action.go:111.16,113.3 1 0
github.com/nullplatform/terraform-provider-nullplatform/nullplatform/approval_action.go:114.2,116.83 2 0
github.com/nullplatform/terraform-provider-nullplatform/nullplatform/approval_action.go:116.83,118.3 1 0
github.com/nullplatform/terraform-provider-nullplatform/nullplatform/approval_action.go:120.2,120.12 1 0
github.com/nullplatform/terraform-provider-nullplatform/nullplatform/approval_action.go:123.97,132.16 5 0
github.com/nullplatform/terraform-provider-nullplatform/nullplatform/approval_action.go:132.16,134.3 1 0
github.com/nullplatform/terraform-provider-nullplatform/nullplatform/approval_action.go:136.2,137.16 2 0
github.com/nullplatform/terraform-provider-nullplatform/nullplatform/approval_action.go:137.16,139.3 1 0
github.com/nullplatform/terraform-provider-nullplatform/nullplatform/approval_action.go:140.2,142.81 2 0
github.com/nullplatform/terraform-provider-nullplatform/nullplatform/approval_action.go:142.81,144.65 2 0
github.com/nullplatform/terraform-provider-nullplatform/nullplatform/approval_action.go:144.65,146.4 1 0
github.com/nullplatform/terraform-provider-nullplatform/nullplatform/approval_action.go:147.3,148.124 2 0
github.com/nullplatform/terraform-provider-nullplatform/nullplatform/approval_action.go:151.2,151.12 1 0
github.com/nullplatform/terraform-provider-nullplatform/nullplatform/approval_action.go:154.100,158.16 3 0
github.com/nullplatform/terraform-provider-nullplatform/nullplatform/approval_action.go:158.16,160.3 1 0
github.com/nullplatform/terraform-provider-nullplatform/nullplatform/approval_action.go:161.2,163.83 2 0
github.com/nullplatform/terraform-provider-nullplatform/nullplatform/approval_action.go:163.83,165.3 1 0
github.com/nullplatform/terraform-provider-nullplatform/nullplatform/approval_action.go:167.2,167.12 1 0
github.com/nullplatform/terraform-provider-nullplatform/nullplatform/approval_policy.go:21.92,25.16 3 0
github.com/nullplatform/terraform-provider-nullplatform/nullplatform/approval_policy.go:25.16,27.3 1 0
github.com/nullplatform/terraform-provider-nullplatform/nullplatform/approval_policy.go:29.2,30.16 2 0
github.com/nullplatform/terraform-provider-nullplatform/nullplatform/approval_policy.go:30.16,32.3 1 0
github.com/nullplatform/terraform-provider-nullplatform/nullplatform/approval_policy.go:33.2,35.37 2 0
github.com/nullplatform/terraform-provider-nullplatform/nullplatform/approval_policy.go:35.37,37.65 2 0
github.com/nullplatform/terraform-provider-nullplatform/nullplatform/approval_policy.go:37.65,39.4 1 0
github.com/nullplatform/terraform-provider-nullplatform/nullplatform/approval_policy.go:40.3,40.132 1 0
github.com/nullplatform/terraform-provider-nullplatform/nullplatform/approval_policy.go:43.2,46.17 3 0
github.com/nullplatform/terraform-provider-nullplatform/nullplatform/approval_policy.go:46.17,48.3 1 0
github.com/nullplatform/terraform-provider-nullplatform/nullplatform/approval_policy.go:50.2,50.23 1 0
github.com/nullplatform/terraform-provider-nullplatform/nullplatform/approval_policy.go:53.97,59.16 4 0
github.com/nullplatform/terraform-provider-nullplatform/nullplatform/approval_policy.go:59.16,61.3 1 0
github.com/nullplatform/terraform-provider-nullplatform/nullplatform/approval_policy.go:63.2,64.16 2 0
github.com/nullplatform/terraform-provider-nullplatform/nullplatform/approval_policy.go:64.16,66.3 1 0
github.com/nullplatform/terraform-provider-nullplatform/nullplatform/approval_policy.go:67.2,69.83 2 0
github.com/nullplatform/terraform-provider-nullplatform/nullplatform/approval_policy.go:69.83,71.3 1 0
github.com/nullplatform/terraform-provider-nullplatform/nullplatform/approval_policy.go:73.2,73.12 1 0
github.com/nullplatform/terraform-provider-nullplatform/nullplatform/approval_policy.go:76.90,80.16 3 0
github.com/nullplatform/terraform-provider-nullplatform/nullplatform/approval_policy.go:80.16,82.3 1 0
github.com/nullplatform/terraform-provider-nullplatform/nullplatform/approval_policy.go:83.2,88.17 4 0
github.com/nullplatform/terraform-provider-nullplatform/nullplatform/approval_policy.go:88.17,90.3 1 0
github.com/nullplatform/terraform-provider-nullplatform/nullplatform/approval_policy.go:92.2,92.32 1 0
github.com/nullplatform/terraform-provider-nullplatform/nullplatform/approval_policy.go:92.32,94.3 1 0
github.com/nullplatform/terraform-provider-nullplatform/nullplatform/approval_policy.go:96.2,96.37 1 0
github.com/nullplatform/terraform-provider-nullplatform/nullplatform/approval_policy.go:96.37,98.3 1 0
github.com/nullplatform/terraform-provider-nullplatform/nullplatform/approval_policy.go:100.2,100.20 1 0
github.com/nullplatform/terraform-provider-nullplatform/nullplatform/approval_policy.go:103.74,107.16 3 0
github.com/nullplatform/terraform-provider-nullplatform/nullplatform/approval_policy.go:107.16,109.3 1 0
github.com/nullplatform/terraform-provider-nullplatform/nullplatform/approval_policy.go:110.2,112.83 2 0
github.com/nullplatform/terraform-provider-nullplatform/nullplatform/approval_policy.go:112.83,114.65 2 0
github.com/nullplatform/terraform-provider-nullplatform/nullplatform/approval_policy.go:114.65,116.4 1 0
github.com/nullplatform/terraform-provider-nullplatform/nullplatform/approval_policy.go:117.3,117.127 1 0
github.com/nullplatform/terraform-provider-nullplatform/nullplatform/approval_policy.go:120.2,120.12 1 0
github.com/nullplatform/terraform-provider-nullplatform/nullplatform/authz_grant.go:22.75,25.16 3 0
github.com/nullplatform/terraform-provider-nullplatform/nullplatform/authz_grant.go:25.16,27.3 1 0
github.com/nullplatform/terraform-provider-nullplatform/nullplatform/authz_grant.go:29.2,30.16 2 0
github.com/nullplatform/terraform-provider-nullplatform/nullplatform/authz_grant.go:30.16,32.3 1 0
github.com/nullplatform/terraform-provider-nullplatform/nullplatform/authz_grant.go:33.2,35.77 2 0
github.com/nullplatform/terraform-provider-nullplatform/nullplatform/authz_grant.go:35.77,38.3 2 0
github.com/nullplatform/terraform-provider-nullplatform/nullplatform/authz_grant.go:40.2,41.64 2 0
github.com/nullplatform/terraform-provider-nullplatform/nullplatform/authz_grant.go:41.64,43.3 1 0
github.com/nullplatform/terraform-provider-nullplatform/nullplatform/authz_grant.go:45.2,45.19 1 0
github.com/nullplatform/terraform-provider-nullplatform/nullplatform/authz_grant.go:48.73,52.16 3 0
github.com/nullplatform/terraform-provider-nullplatform/nullplatform/authz_grant.go:52.16,54.3 1 0
github.com/nullplatform/terraform-provider-nullplatform/nullplatform/authz_grant.go:55.2,57.37 2 0
github.com/nullplatform/terraform-provider-nullplatform/nullplatform/authz_grant.go:57.37,60.3 2 0
github.com/nullplatform/terraform-provider-nullplatform/nullplatform/authz_grant.go:62.2,63.64 2 0
github.com/nullplatform/terraform-provider-nullplatform/nullplatform/authz_grant.go:63.64,65.3 1 0
github.com/nullplatform/terraform-provider-nullplatform/nullplatform/authz_grant.go:67.2,67.19 1 0
github.com/nullplatform/terraform-provider-nullplatform/nullplatform/authz_grant.go:70.61,74.16 3 0
github.com/nullplatform/terraform-provider-nullplatform/nullplatform/authz_grant.go:74.16,76.3 1 0
github.com/nullplatform/terraform-provider-nullplatform/nullplatform/authz_grant.go:77.2,79.120 2 0
github.com/nullplatform/terraform-provider-nullplatform/nullplatform/authz_grant.go:79.120,82.3 2 0
github.com/nullplatform/terraform-provider-nullplatform/nullplatform/authz_grant.go:84.2,84.12 1 0
github.com/nullplatform/terraform-provider-nullplatform/nullplatform/capability.go:24.96,26.66 2 1
github.com/nullplatform/terraform-provider-nullplatform/nullplatform/capability.go:26.66,28.3 1 0
github.com/nullplatform/terraform-provider-nullplatform/nullplatform/capability.go:30.2,31.16 2 1
github.com/nullplatform/terraform-provider-nullplatform/nullplatform/capability.go:31.16,33.3 1 0
github.com/nullplatform/terraform-provider-nullplatform/nullplatform/capability.go:34.2,36.77 2 1
github.com/nullplatform/terraform-provider-nullplatform/nullplatform/capability.go:36.77,38.65 2 0
github.com/nullplatform/terraform-provider-nullplatform/nullplatform/capability.go:38.65,40.4 1 0
github.com/nullplatform/terraform-provider-nullplatform/nullplatform/capability.go:41.3,41.127 1 0
github.com/nullplatform/terraform-provider-nullplatform/nullplatform/capability.go:44.2,45.72 2 1
github.com/nullplatform/terraform-provider-nullplatform/nullplatform/capability.go:45.72,47.3 1 0
github.com/nullplatform/terraform-provider-nullplatform/nullplatform/capability.go:49.2,49.27 1 1
github.com/nullplatform/terraform-provider-nullplatform/nullplatform/capability.go:52.84,56.16 3 0
github.com/nullplatform/terraform-provider-nullplatform/nullplatform/capability.go:56.16,58.3 1 0
github.com/nullplatform/terraform-provider-nullplatform/nullplatform/capability.go:59.2,61.37 2 0
github.com/nullplatform/terraform-provider-nullplatform/nullplatform/capability.go:61.37,63.3 1 0
github.com/nullplatform/terraform-provider-nullplatform/nullplatform/capability.go:65.2,66.69 2 0
github.com/nullplatform/terraform-provider-nullplatform/nullplatform/capability.go:66.69,68.3 1 0
github.com/nullplatform/terraform-provider-nullplatform/nullplatform/capability.go:70.2,70.24 1 0
github.com/nullplatform/terraform-provider-nullplatform/nullplatform/capability.go:73.95,77.66 3 0
github.com/nullplatform/terraform-provider-nullplatform/nullplatform/capability.go:77.66,79.3 1 0
github.com/nullplatform/terraform-provider-nullplatform/nullplatform/capability.go:81.2,82.16 2 0
github.com/nullplatform/terraform-provider-nullplatform/nullplatform/capability.go:82.16,84.3 1 0
github.com/nullplatform/terraform-provider-nullplatform/nullplatform/capability.go:85.2,87.79 2 0
github.com/nullplatform/terraform-provider-nullplatform/nullplatform/capability.go:87.79,89.65 2 0
github.com/nullplatform/terraform-provider-nullplatform/nullplatform/capability.go:89.65,91.4 1 0
github.com/nullplatform/terraform-provider-nullplatform/nullplatform/capability.go:92.3,92.122 1 0
github.com/nullplatform/terraform-provider-nullplatform/nullplatform/capability.go:95.2,95.12 1 0
github.com/nullplatform/terraform-provider-nullplatform/nullplatform/capability.go:98.66,102.16 3 0
github.com/nullplatform/terraform-provider-nullplatform/nullplatform/capability.go:102.16,104.3 1 0
github.com/nullplatform/terraform-provider-nullplatform/nullplatform/capability.go:105.2,107.120 2 0
github.com/nullplatform/terraform-provider-nullplatform/nullplatform/capability.go:107.120,109.65 2 0
github.com/nullplatform/terraform-provider-nullplatform/nullplatform/capability.go:109.65,111.4 1 0
github.com/nullplatform/terraform-provider-nullplatform/nullplatform/capability.go:112.3,112.113 1 0
github.com/nullplatform/terraform-provider-nullplatform/nullplatform/capability.go:115.2,115.12 1 0
github.com/nullplatform/terraform-provider-nullplatform/nullplatform/data_source_action_specification.go:12.55,74.2 1 1
github.com/nullplatform/terraform-provider-nullplatform/nullplatform/data_source_action_specification.go:76.107,80.62 3 0
github.com/nullplatform/terraform-provider-nullplatform/nullplatform/data_source_action_specification.go:80.62,83.3 2 0
github.com/nullplatform/terraform-provider-nullplatform/nullplatform/data_source_action_specification.go:83.8,86.3 2 0
github.com/nullplatform/terraform-provider-nullplatform/nullplatform/data_source_action_specification.go:88.2,89.16 2 0
github.com/nullplatform/terraform-provider-nullplatform/nullplatform/data_source_action_specification.go:89.16,91.3 1 0
github.com/nullplatform/terraform-provider-nullplatform/nullplatform/data_source_action_specification.go:93.2,93.49 1 0
github.com/nullplatform/terraform-provider-nullplatform/nullplatform/data_source_action_specification.go:93.49,95.3 1 0
github.com/nullplatform/terraform-provider-nullplatform/nullplatform/data_source_action_specification.go:96.2,96.49 1 0
github.com/nullplatform/terraform-provider-nullplatform/nullplatform/data_source_action_specification.go:96.49,98.3 1 0
github.com/nullplatform/terraform-provider-nullplatform/nullplatform/data_source_action_specification.go:99.2,99.49 1 0
github.com/nullplatform/terraform-provider-nullplatform/nullplatform/data_source_action_specification.go:99.49,101.3 1 0
github.com/nullplatform/terraform-provider-nullplatform/nullplatform/data_source_action_specification.go:102.2,102.87 1 0
github.com/nullplatform/terraform-provider-nullplatform/nullplatform/data_source_action_specification.go:102.87,104.3 1 0
github.com/nullplatform/terraform-provider-nullplatform/nullplatform/data_source_action_specification.go:105.2,105.81 1 0
github.com/nullplatform/terraform-provider-nullplatform/nullplatform/data_source_action_specification.go:105.81,107.3 1 0
github.com/nullplatform/terraform-provider-nullplatform/nullplatform/data_source_action_specification.go:108.2,108.59 1 0
github.com/nullplatform/terraform-provider-nullplatform/nullplatform/data_source_action_specification.go:108.59,110.3 1 0
github.com/nullplatform/terraform-provider-nullplatform/nullplatform/data_source_action_specification.go:111.2,111.49 1 0
github.com/nullplatform/terraform-provider-nullplatform/nullplatform/data_source_action_specification.go:111.49,113.3 1 0
github.com/nullplatform/terraform-provider-nullplatform/nullplatform/data_source_action_specification.go:115.2,116.16 2 0
github.com/nullplatform/terraform-provider-nullplatform/nullplatform/data_source_action_specification.go:116.16,118.3 1 0
github.com/nullplatform/terraform-provider-nullplatform/nullplatform/data_source_action_specification.go:119.2,119.68 1 0
github.com/nullplatform/terraform-provider-nullplatform/nullplatform/data_source_action_specification.go:119.68,121.3 1 0
github.com/nullplatform/terraform-provider-nullplatform/nullplatform/data_source_action_specification.go:123.2,124.16 2 0
github.com/nullplatform/terraform-provider-nullplatform/nullplatform/data_source_action_specification.go:124.16,126.3 1 0
github.com/nullplatform/terraform-provider-nullplatform/nullplatform/data_source_action_specification.go:127.2,127.62 1 0
github.com/nullplatform/terraform-provider-nullplatform/nullplatform/data_source_action_specification.go:127.62,129.3 1 0
github.com/nullplatform/terraform-provider-nullplatform/nullplatform/data_source_action_specification.go:131.2,131.29 1 0
github.com/nullplatform/terraform-provider-nullplatform/nullplatform/data_source_action_specification.go:131.29,133.17 2 0
github.com/nullplatform/terraform-provider-nullplatform/nullplatform/data_source_action_specification.go:133.17,135.4 1 0
github.com/nullplatform/terraform-provider-nullplatform/nullplatform/data_source_action_specification.go:136.3,136.71 1 0
github.com/nullplatform/terraform-provider-nullplatform/nullplatform/data_source_action_specification.go:136.71,138.4 1 0
github.com/nullplatform/terraform-provider-nullplatform/nullplatform/data_source_action_specification.go:141.2,143.12 2 0
github.com/nullplatform/terraform-provider-nullplatform/nullplatform/data_source_action_specifications.go:12.56,69.2 1 1
github.com/nullplatform/terraform-provider-nullplatform/nullplatform/data_source_action_specifications.go:71.108,76.16 4 0
github.com/nullplatform/terraform-provider-nullplatform/nullplatform/data_source_action_specifications.go:76.16,78.3 1 0
github.com/nullplatform/terraform-provider-nullplatform/nullplatform/data_source_action_specifications.go:80.2,81.29 2 0
github.com/nullplatform/terraform-provider-nullplatform/nullplatform/data_source_action_specifications.go:81.29,83.17 2 0
github.com/nullplatform/terraform-provider-nullplatform/nullplatform/data_source_action_specifications.go:83.17,85.4 1 0
github.com/nullplatform/terraform-provider-nullplatform/nullplatform/data_source_action_specifications.go:87.3,88.17 2 0
github.com/nullplatform/terraform-provider-nullplatform/nullplatform/data_source_action_specifications.go:88.17,90.4 1 0
github.com/nullplatform/terraform-provider-nullplatform/nullplatform/data_source_action_specifications.go:92.3,93.17 2 0
github.com/nullplatform/terraform-provider-nullplatform/nullplatform/data_source_action_specifications.go:93.17,95.4 1 0
github.com/nullplatform/terraform-provider-nullplatform/nullplatform/data_source_action_specifications.go:97.3,107.5 1 0
github.com/nullplatform/terraform-provider-nullplatform/nullplatform/data_source_action_specifications.go:110.2,110.68 1 0
github.com/nullplatform/terraform-provider-nullplatform/nullplatform/data_source_action_specifications.go:110.68,112.3 1 0
github.com/nullplatform/terraform-provider-nullplatform/nullplatform/data_source_action_specifications.go:114.2,116.12 2 0
github.com/nullplatform/terraform-provider-nullplatform/nullplatform/data_source_application.go:13.47,91.2 1 1
github.com/nullplatform/terraform-provider-nullplatform/nullplatform/data_source_application.go:93.99,97.16 3 0
github.com/nullplatform/terraform-provider-nullplatform/nullplatform/data_source_application.go:97.16,99.3 1 0
github.com/nullplatform/terraform-provider-nullplatform/nullplatform/data_source_application.go:101.2,102.16 2 0
github.com/nullplatform/terraform-provider-nullplatform/nullplatform/data_source_application.go:102.16,104.3 1 0
github.com/nullplatform/terraform-provider-nullplatform/nullplatform/data_source_application.go:106.2,107.16 2 0
github.com/nullplatform/terraform-provider-nullplatform/nullplatform/data_source_application.go:107.16,109.3 1 0
github.com/nullplatform/terraform-provider-nullplatform/nullplatform/data_source_application.go:111.2,112.16 2 0
github.com/nullplatform/terraform-provider-nullplatform/nullplatform/data_source_application.go:112.16,114.3 1 0
github.com/nullplatform/terraform-provider-nullplatform/nullplatform/data_source_application.go:116.2,117.16 2 0
github.com/nullplatform/terraform-provider-nullplatform/nullplatform/data_source_application.go:117.16,119.3 1 0
github.com/nullplatform/terraform-provider-nullplatform/nullplatform/data_source_application.go:121.2,122.16 2 0
github.com/nullplatform/terraform-provider-nullplatform/nullplatform/data_source_application.go:122.16,124.3 1 0
github.com/nullplatform/terraform-provider-nullplatform/nullplatform/data_source_application.go:126.2,127.16 2 0
github.com/nullplatform/terraform-provider-nullplatform/nullplatform/data_source_application.go:127.16,129.3 1 0
github.com/nullplatform/terraform-provider-nullplatform/nullplatform/data_source_application.go:131.2,132.16 2 0
github.com/nullplatform/terraform-provider-nullplatform/nullplatform/data_source_application.go:132.16,134.3 1 0
github.com/nullplatform/terraform-provider-nullplatform/nullplatform/data_source_application.go:136.2,137.16 2 0
github.com/nullplatform/terraform-provider-nullplatform/nullplatform/data_source_application.go:137.16,139.3 1 0
github.com/nullplatform/terraform-provider-nullplatform/nullplatform/data_source_application.go:141.2,142.16 2 0
github.com/nullplatform/terraform-provider-nullplatform/nullplatform/data_source_application.go:142.16,144.3 1 0
github.com/nullplatform/terraform-provider-nullplatform/nullplatform/data_source_application.go:146.2,146.21 1 0
github.com/nullplatform/terraform-provider-nullplatform/nullplatform/data_source_application.go:146.21,148.18 2 0
github.com/nullplatform/terraform-provider-nullplatform/nullplatform/data_source_application.go:148.18,150.4 1 0
github.com/nullplatform/terraform-provider-nullplatform/nullplatform/data_source_application.go:151.3,151.56 1 0
github.com/nullplatform/terraform-provider-nullplatform/nullplatform/data_source_application.go:151.56,153.4 1 0
github.com/nullplatform/terraform-provider-nullplatform/nullplatform/data_source_application.go:156.2,156.25 1 0
github.com/nullplatform/terraform-provider-nullplatform/nullplatform/data_source_application.go:156.25,158.18 2 0
github.com/nullplatform/terraform-provider-nullplatform/nullplatform/data_source_application.go:158.18,160.4 1 0
github.com/nullplatform/terraform-provider-nullplatform/nullplatform/data_source_application.go:161.3,161.64 1 0
github.com/nullplatform/terraform-provider-nullplatform/nullplatform/data_source_application.go:161.64,163.4 1 0
github.com/nullplatform/terraform-provider-nullplatform/nullplatform/data_source_application.go:166.2,166.25 1 0
github.com/nullplatform/terraform-provider-nullplatform/nullplatform/data_source_application.go:166.25,168.18 2 0
github.com/nullplatform/terraform-provider-nullplatform/nullplatform/data_source_application.go:168.18,170.4 1 0
github.com/nullplatform/terraform-provider-nullplatform/nullplatform/data_source_application.go:171.3,171.64 1 0
github.com/nullplatform/terraform-provider-nullplatform/nullplatform/data_source_application.go:171.64,173.4 1 0
github.com/nullplatform/terraform-provider-nullplatform/nullplatform/data_source_application.go:176.2,177.16 2 0
github.com/nullplatform/terraform-provider-nullplatform/nullplatform/data_source_application.go:177.16,179.3 1 0
github.com/nullplatform/terraform-provider-nullplatform/nullplatform/data_source_application.go:194.2,196.12 2 0
github.com/nullplatform/terraform-provider-nullplatform/nullplatform/data_source_dimension.go:11.45,73.2 1 1
github.com/nullplatform/terraform-provider-nullplatform/nullplatform/data_source_dimension.go:74.112,83.16 8 0
github.com/nullplatform/terraform-provider-nullplatform/nullplatform/data_source_dimension.go:83.16,85.3 1 0
github.com/nullplatform/terraform-provider-nullplatform/nullplatform/data_source_dimension.go:87.2,87.53 1 0
github.com/nullplatform/terraform-provider-nullplatform/nullplatform/data_source_dimension.go:87.53,89.3 1 0
github.com/nullplatform/terraform-provider-nullplatform/nullplatform/data_source_dimension.go:91.2,91.57 1 0
github.com/nullplatform/terraform-provider-nullplatform/nullplatform/data_source_dimension.go:91.57,93.3 1 0
github.com/nullplatform/terraform-provider-nullplatform/nullplatform/data_source_dimension.go:95.2,95.53 1 0
github.com/nullplatform/terraform-provider-nullplatform/nullplatform/data_source_dimension.go:95.53,97.3 1 0
github.com/nullplatform/terraform-provider-nullplatform/nullplatform/data_source_dimension.go:99.2,99.51 1 0
github.com/nullplatform/terraform-provider-nullplatform/nullplatform/data_source_dimension.go:99.51,101.3 1 0
github.com/nullplatform/terraform-provider-nullplatform/nullplatform/data_source_dimension.go:103.2,104.37 2 0
github.com/nullplatform/terraform-provider-nullplatform/nullplatform/data_source_dimension.go:104.37,112.3 1 0
github.com/nullplatform/terraform-provider-nullplatform/nullplatform/data_source_dimension.go:114.2,114.46 1 0
github.com/nullplatform/terraform-provider-nullplatform/nullplatform/data_source_dimension.go:114.46,116.3 1 0
github.com/nullplatform/terraform-provider-nullplatform/nullplatform/data_source_dimension.go:118.2,119.12 2 0
github.com/nullplatform/terraform-provider-nullplatform/nullplatform/data_source_package.go:11.43,72.2 1 1
github.com/nullplatform/terraform-provider-nullplatform/nullplatform/data_source_package.go:74.103,81.16 5 0
github.com/nullplatform/terraform-provider-nullplatform/nullplatform/data_source_package.go:81.16,83.3 1 0
github.com/nullplatform/terraform-provider-nullplatform/nullplatform/data_source_package.go:85.2,86.22 2 0
github.com/nullplatform/terraform-provider-nullplatform/nullplatform/data_source_package.go:86.22,88.3 1 0
github.com/nullplatform/terraform-provider-nullplatform/nullplatform/data_source_package.go:90.2,90.43 1 0
github.com/nullplatform/terraform-provider-nullplatform/nullplatform/data_source_package.go:90.43,92.17 2 0
github.com/nullplatform/terraform-provider-nullplatform/nullplatform/data_source_package.go:92.17,94.4 1 0
github.com/nullplatform/terraform-provider-nullplatform/nullplatform/data_source_package.go:95.3,96.38 2 0
github.com/nullplatform/terraform-provider-nullplatform/nullplatform/data_source_package.go:96.38,97.44 1 0
github.com/nullplatform/terraform-provider-nullplatform/nullplatform/data_source_package.go:97.44,99.10 2 0
github.com/nullplatform/terraform-provider-nullplatform/nullplatform/data_source_package.go:102.3,102.23 1 0
github.com/nullplatform/terraform-provider-nullplatform/nullplatform/data_source_package.go:102.23,104.4 1 0
github.com/nullplatform/terraform-provider-nullplatform/nullplatform/data_source_package.go:107.2,108.48 2 0
github.com/nullplatform/terraform-provider-nullplatform/nullplatform/data_source_package.go:108.48,110.3 1 0
github.com/nullplatform/terraform-provider-nullplatform/nullplatform/data_source_package.go:111.2,111.59 1 0
github.com/nullplatform/terraform-provider-nullplatform/nullplatform/data_source_package.go:111.59,113.3 1 0
github.com/nullplatform/terraform-provider-nullplatform/nullplatform/data_source_package.go:114.2,114.57 1 0
github.com/nullplatform/terraform-provider-nullplatform/nullplatform/data_source_package.go:114.57,116.3 1 0
github.com/nullplatform/terraform-provider-nullplatform/nullplatform/data_source_package.go:117.2,117.76 1 0
github.com/nullplatform/terraform-provider-nullplatform/nullplatform/data_source_package.go:117.76,119.3 1 0
github.com/nullplatform/terraform-provider-nullplatform/nullplatform/data_source_package.go:120.2,120.74 1 0
github.com/nullplatform/terraform-provider-nullplatform/nullplatform/data_source_package.go:120.74,122.3 1 0
github.com/nullplatform/terraform-provider-nullplatform/nullplatform/data_source_package.go:123.2,123.69 1 0
github.com/nullplatform/terraform-provider-nullplatform/nullplatform/data_source_package.go:123.69,125.3 1 0
github.com/nullplatform/terraform-provider-nullplatform/nullplatform/data_source_package.go:126.2,126.67 1 0
github.com/nullplatform/terraform-provider-nullplatform/nullplatform/data_source_package.go:126.67,128.3 1 0
github.com/nullplatform/terraform-provider-nullplatform/nullplatform/data_source_package.go:130.2,130.12 1 0
github.com/nullplatform/terraform-provider-nullplatform/nullplatform/data_source_parameter.go:11.45,73.2 1 1
github.com/nullplatform/terraform-provider-nullplatform/nullplatform/data_source_parameter.go:75.97,79.16 3 0
github.com/nullplatform/terraform-provider-nullplatform/nullplatform/data_source_parameter.go:79.16,81.3 1 0
github.com/nullplatform/terraform-provider-nullplatform/nullplatform/data_source_parameter.go:83.2,84.16 2 0
github.com/nullplatform/terraform-provider-nullplatform/nullplatform/data_source_parameter.go:84.16,86.3 1 0
github.com/nullplatform/terraform-provider-nullplatform/nullplatform/data_source_parameter.go:88.2,89.16 2 0
github.com/nullplatform/terraform-provider-nullplatform/nullplatform/data_source_parameter.go:89.16,91.3 1 0
github.com/nullplatform/terraform-provider-nullplatform/nullplatform/data_source_parameter.go:93.2,94.16 2 0
github.com/nullplatform/terraform-provider-nullplatform/nullplatform/data_source_parameter.go:94.16,96.3 1 0
github.com/nullplatform/terraform-provider-nullplatform/nullplatform/data_source_parameter.go:98.2,99.16 2 0
github.com/nullplatform/terraform-provider-nullplatform/nullplatform/data_source_parameter.go:99.16,101.3 1 0
github.com/nullplatform/terraform-provider-nullplatform/nullplatform/data_source_parameter.go:103.2,104.16 2 0
github.com/nullplatform/terraform-provider-nullplatform/nullplatform/data_source_parameter.go:104.16,106.3 1 0
github.com/nullplatform/terraform-provider-nullplatform/nullplatform/data_source_parameter.go:108.2,109.16 2 0
github.com/nullplatform/terraform-provider-nullplatform/nullplatform/data_source_parameter.go:109.16,111.3 1 0
github.com/nullplatform/terraform-provider-nullplatform/nullplatform/data_source_parameter.go:113.2,114.16 2 0
github.com/nullplatform/terraform-provider-nullplatform/nullplatform/data_source_parameter.go:114.16,116.3 1 0
github.com/nullplatform/terraform-provider-nullplatform/nullplatform/data_source_parameter.go:118.2,119.16 2 0
github.com/nullplatform/terraform-provider-nullplatform/nullplatform/data_source_parameter.go:119.16,121.3 1 0
github.com/nullplatform/terraform-provider-nullplatform/nullplatform/data_source_parameter.go:123.2,125.12 2 0
github.com/nullplatform/terraform-provider-nullplatform/nullplatform/data_source_parameter_by_name.go:11.51,73.2 1 1
github.com/nullplatform/terraform-provider-nullplatform/nullplatform/data_source_parameter_by_name.go:75.103,79.16 3 0
github.com/nullplatform/terraform-provider-nullplatform/nullplatform/data_source_parameter_by_name.go:79.16,81.3 1 0
github.com/nullplatform/terraform-provider-nullplatform/nullplatform/data_source_parameter_by_name.go:83.2,89.17 3 0
github.com/nullplatform/terraform-provider-nullplatform/nullplatform/data_source_parameter_by_name.go:89.17,91.17 2 0
github.com/nullplatform/terraform-provider-nullplatform/nullplatform/data_source_parameter_by_name.go:91.17,93.4 1 0
github.com/nullplatform/terraform-provider-nullplatform/nullplatform/data_source_parameter_by_name.go:95.3,96.17 2 0
github.com/nullplatform/terraform-provider-nullplatform/nullplatform/data_source_parameter_by_name.go:96.17,98.4 1 0
github.com/nullplatform/terraform-provider-nullplatform/nullplatform/data_source_parameter_by_name.go:100.3,101.17 2 0
github.com/nullplatform/terraform-provider-nullplatform/nullplatform/data_source_parameter_by_name.go:101.17,103.4 1 0
github.com/nullplatform/terraform-provider-nullplatform/nullplatform/data_source_parameter_by_name.go:105.3,106.17 2 0
github.com/nullplatform/terraform-provider-nullplatform/nullplatform/data_source_parameter_by_name.go:106.17,108.4 1 0
github.com/nullplatform/terraform-provider-nullplatform/nullplatform/data_source_parameter_by_name.go:110.3,111.17 2 0
github.com/nullplatform/terraform-provider-nullplatform/nullplatform/data_source_parameter_by_name.go:111.17,113.4 1 0
github.com/nullplatform/terraform-provider-nullplatform/nullplatform/data_source_parameter_by_name.go:115.3,116.17 2 0
github.com/nullplatform/terraform-provider-nullplatform/nullplatform/data_source_parameter_by_name.go:116.17,118.4 1 0
github.com/nullplatform/terraform-provider-nullplatform/nullplatform/data_source_parameter_by_name.go:120.3,121.17 2 0
github.com/nullplatform/terraform-provider-nullplatform/nullplatform/data_source_parameter_by_name.go:121.17,123.4 1 0
github.com/nullplatform/terraform-provider-nullplatform/nullplatform/data_source_parameter_by_name.go:125.3,126.17 2 0
github.com/nullplatform/terraform-provider-nullplatform/nullplatform/data_source_parameter_by_name.go:126.17,128.4 1 0
github.com/nullplatform/terraform-provider-nullplatform/nullplatform/data_source_parameter_by_name.go:130.3,130.37 1 0
github.com/nullplatform/terraform-provider-nullplatform/nullplatform/data_source_parameter_by_name.go:133.2,133.12 1 0
github.com/nullplatform/terraform-provider-nullplatform/nullplatform/data_source_platform_artifact.go:13.52,72.2 1 1
github.com/nullplatform/terraform-provider-nullplatform/nullplatform/data_source_platform_artifact.go:76.62,77.39 1 0
github.com/nullplatform/terraform-provider-nullplatform/nullplatform/data_source_platform_artifact.go:77.39,79.15 2 0
github.com/nullplatform/terraform-provider-nullplatform/nullplatform/data_source_platform_artifact.go:79.15,81.4 1 0
github.com/nullplatform/terraform-provider-nullplatform/nullplatform/data_source_platform_artifact.go:82.3,83.17 2 0
github.com/nullplatform/terraform-provider-nullplatform/nullplatform/data_source_platform_artifact.go:83.17,85.4 1 0
github.com/nullplatform/terraform-provider-nullplatform/nullplatform/data_source_platform_artifact.go:86.3,87.17 2 0
github.com/nullplatform/terraform-provider-nullplatform/nullplatform/data_source_platform_artifact.go:87.17,89.4 1 0
github.com/nullplatform/terraform-provider-nullplatform/nullplatform/data_source_platform_artifact.go:90.3,90.47 1 0
github.com/nullplatform/terraform-provider-nullplatform/nullplatform/data_source_platform_artifact.go:90.47,92.4 1 0
github.com/nullplatform/terraform-provider-nullplatform/nullplatform/data_source_platform_artifact.go:94.2,94.13 1 0
github.com/nullplatform/terraform-provider-nullplatform/nullplatform/data_source_platform_artifact.go:97.112,104.84 5 0
github.com/nullplatform/terraform-provider-nullplatform/nullplatform/data_source_platform_artifact.go:104.84,106.3 1 0
github.com/nullplatform/terraform-provider-nullplatform/nullplatform/data_source_platform_artifact.go:108.2,109.16 2 0
github.com/nullplatform/terraform-provider-nullplatform/nullplatform/data_source_platform_artifact.go:109.16,111.3 1 0
github.com/nullplatform/terraform-provider-nullplatform/nullplatform/data_source_platform_artifact.go:115.2,116.37 2 0
github.com/nullplatform/terraform-provider-nullplatform/nullplatform/data_source_platform_artifact.go:116.37,117.53 1 0
github.com/nullplatform/terraform-provider-nullplatform/nullplatform/data_source_platform_artifact.go:117.53,119.4 1 0
github.com/nullplatform/terraform-provider-nullplatform/nullplatform/data_source_platform_artifact.go:121.2,121.23 1 0
github.com/nullplatform/terraform-provider-nullplatform/nullplatform/data_source_platform_artifact.go:121.23,123.3 1 0
github.com/nullplatform/terraform-provider-nullplatform/nullplatform/data_source_platform_artifact.go:124.2,124.22 1 0
github.com/nullplatform/terraform-provider-nullplatform/nullplatform/data_source_platform_artifact.go:124.22,126.3 1 0
github.com/nullplatform/terraform-provider-nullplatform/nullplatform/data_source_platform_artifact.go:127.2,130.16 3 0
github.com/nullplatform/terraform-provider-nullplatform/nullplatform/data_source_platform_artifact.go:130.16,132.3 1 0
github.com/nullplatform/terraform-provider-nullplatform/nullplatform/data_source_platform_artifact.go:137.2,138.38 2 0
github.com/nullplatform/terraform-provider-nullplatform/nullplatform/data_source_platform_artifact.go:138.38,139.46 1 0
github.com/nullplatform/terraform-provider-nullplatform/nullplatform/data_source_platform_artifact.go:139.46,141.9 2 0
github.com/nullplatform/terraform-provider-nullplatform/nullplatform/data_source_platform_artifact.go:144.2,144.21 1 0
github.com/nullplatform/terraform-provider-nullplatform/nullplatform/data_source_platform_artifact.go:144.21,146.3 1 0
github.com/nullplatform/terraform-provider-nullplatform/nullplatform/data_source_platform_artifact.go:148.2,149.16 2 0
github.com/nullplatform/terraform-provider-nullplatform/nullplatform/data_source_platform_artifact.go:149.16,151.3 1 0
github.com/nullplatform/terraform-provider-nullplatform/nullplatform/data_source_platform_artifact.go:153.2,154.66 2 0
github.com/nullplatform/terraform-provider-nullplatform/nullplatform/data_source_platform_artifact.go:154.66,156.3 1 0
github.com/nullplatform/terraform-provider-nullplatform/nullplatform/data_source_platform_artifact.go:157.2,157.74 1 0
github.com/nullplatform/terraform-provider-nullplatform/nullplatform/data_source_platform_artifact.go:157.74,159.3 1 0
github.com/nullplatform/terraform-provider-nullplatform/nullplatform/data_source_platform_artifact.go:160.2,160.73 1 0
github.com/nullplatform/terraform-provider-nullplatform/nullplatform/data_source_platform_artifact.go:160.73,162.3 1 0
github.com/nullplatform/terraform-provider-nullplatform/nullplatform/data_source_platform_artifact.go:163.2,163.64 1 0
github.com/nullplatform/terraform-provider-nullplatform/nullplatform/data_source_platform_artifact.go:163.64,165.3 1 0
github.com/nullplatform/terraform-provider-nullplatform/nullplatform/data_source_platform_artifact.go:166.2,166.79 1 0
github.com/nullplatform/terraform-provider-nullplatform/nullplatform/data_source_platform_artifact.go:166.79,168.3 1 0
github.com/nullplatform/terraform-provider-nullplatform/nullplatform/data_source_platform_artifact.go:170.2,170.12 1 0
github.com/nullplatform/terraform-provider-nullplatform/nullplatform/data_source_scope.go:13.41,51.2 1 1
github.com/nullplatform/terraform-provider-nullplatform/nullplatform/data_source_scope.go:53.93,60.16 4 0
github.com/nullplatform/terraform-provider-nullplatform/nullplatform/data_source_scope.go:60.16,62.3 1 0
github.com/nullplatform/terraform-provider-nullplatform/nullplatform/data_source_scope.go:64.2,66.16 2 0
github.com/nullplatform/terraform-provider-nullplatform/nullplatform/data_source_scope.go:66.16,68.3 1 0
github.com/nullplatform/terraform-provider-nullplatform/nullplatform/data_source_scope.go:70.2,72.16 2 0
github.com/nullplatform/terraform-provider-nullplatform/nullplatform/data_source_scope.go:72.16,74.3 1 0
github.com/nullplatform/terraform-provider-nullplatform/nullplatform/data_source_scope.go:76.2,78.16 2 0
github.com/nullplatform/terraform-provider-nullplatform/nullplatform/data_source_scope.go:78.16,80.3 1 0
github.com/nullplatform/terraform-provider-nullplatform/nullplatform/data_source_scope.go:82.2,84.16 2 0
github.com/nullplatform/terraform-provider-nullplatform/nullplatform/data_source_scope.go:84.16,86.3 1 0
github.com/nullplatform/terraform-provider-nullplatform/nullplatform/data_source_scope.go:101.2,105.12 3 0
github.com/nullplatform/terraform-provider-nullplatform/nullplatform/data_source_scope_type.go:11.45,58.2 1 1
github.com/nullplatform/terraform-provider-nullplatform/nullplatform/data_source_scope_type.go:60.97,64.16 3 0
github.com/nullplatform/terraform-provider-nullplatform/nullplatform/data_source_scope_type.go:64.16,66.3 1 0
github.com/nullplatform/terraform-provider-nullplatform/nullplatform/data_source_scope_type.go:68.2,68.45 1 0
github.com/nullplatform/terraform-provider-nullplatform/nullplatform/data_source_scope_type.go:68.45,70.3 1 0
github.com/nullplatform/terraform-provider-nullplatform/nullplatform/data_source_scope_type.go:71.2,71.47 1 0
github.com/nullplatform/terraform-provider-nullplatform/nullplatform/data_source_scope_type.go:71.47,73.3 1 0
github.com/nullplatform/terraform-provider-nullplatform/nullplatform/data_source_scope_type.go:74.2,74.47 1 0
github.com/nullplatform/terraform-provider-nullplatform/nullplatform/data_source_scope_type.go:74.47,76.3 1 0
github.com/nullplatform/terraform-provider-nullplatform/nullplatform/data_source_scope_type.go:77.2,77.51 1 0
github.com/nullplatform/terraform-provider-nullplatform/nullplatform/data_source_scope_type.go:77.51,79.3 1 0
github.com/nullplatform/terraform-provider-nullplatform/nullplatform/data_source_scope_type.go:80.2,80.61 1 0
github.com/nullplatform/terraform-provider-nullplatform/nullplatform/data_source_scope_type.go:80.61,82.3 1 0
github.com/nullplatform/terraform-provider-nullplatform/nullplatform/data_source_scope_type.go:83.2,83.64 1 0
github.com/nullplatform/terraform-provider-nullplatform/nullplatform/data_source_scope_type.go:83.64,85.3 1 0
github.com/nullplatform/terraform-provider-nullplatform/nullplatform/data_source_scope_type.go:86.2,86.60 1 0
github.com/nullplatform/terraform-provider-nullplatform/nullplatform/data_source_scope_type.go:86.60,88.3 1 0
github.com/nullplatform/terraform-provider-nullplatform/nullplatform/data_source_scope_type.go:90.2,92.12 2 0
github.com/nullplatform/terraform-provider-nullplatform/nullplatform/data_source_service.go:10.43,27.2 1 1
github.com/nullplatform/terraform-provider-nullplatform/nullplatform/data_source_service.go:29.95,34.16 3 0
github.com/nullplatform/terraform-provider-nullplatform/nullplatform/data_source_service.go:34.16,36.3 1 0
github.com/nullplatform/terraform-provider-nullplatform/nullplatform/data_source_service.go:38.2,40.16 2 0
github.com/nullplatform/terraform-provider-nullplatform/nullplatform/data_source_service.go:40.16,42.3 1 0
github.com/nullplatform/terraform-provider-nullplatform/nullplatform/data_source_service.go:44.2,46.12 2 0
github.com/nullplatform/terraform-provider-nullplatform/nullplatform/data_source_service_specification.go:12.56,105.2 1 1
github.com/nullplatform/terraform-provider-nullplatform/nullplatform/data_source_service_specification.go:107.108,111.16 3 1
github.com/nullplatform/terraform-provider-nullplatform/nullplatform/data_source_service_specification.go:111.16,113.3 1 0
github.com/nullplatform/terraform-provider-nullplatform/nullplatform/data_source_service_specification.go:115.2,115.49 1 1
github.com/nullplatform/terraform-provider-nullplatform/nullplatform/data_source_service_specification.go:115.49,117.3 1 0
github.com/nullplatform/terraform-provider-nullplatform/nullplatform/data_source_service_specification.go:118.2,118.49 1 1
github.com/nullplatform/terraform-provider-nullplatform/nullplatform/data_source_service_specification.go:118.49,120.3 1 0
github.com/nullplatform/terraform-provider-nullplatform/nullplatform/data_source_service_specification.go:121.2,121.60 1 1
github.com/nullplatform/terraform-provider-nullplatform/nullplatform/data_source_service_specification.go:121.60,123.3 1 0
github.com/nullplatform/terraform-provider-nullplatform/nullplatform/data_source_service_specification.go:124.2,124.35 1 1
github.com/nullplatform/terraform-provider-nullplatform/nullplatform/data_source_service_specification.go:124.35,125.79 1 1
github.com/nullplatform/terraform-provider-nullplatform/nullplatform/data_source_service_specification.go:125.79,127.4 1 0
github.com/nullplatform/terraform-provider-nullplatform/nullplatform/data_source_service_specification.go:129.2,129.34 1 1
github.com/nullplatform/terraform-provider-nullplatform/nullplatform/data_source_service_specification.go:129.34,130.77 1 1
github.com/nullplatform/terraform-provider-nullplatform/nullplatform/data_source_service_specification.go:130.77,132.4 1 0
github.com/nullplatform/terraform-provider-nullplatform/nullplatform/data_source_service_specification.go:134.2,134.35 1 1
github.com/nullplatform/terraform-provider-nullplatform/nullplatform/data_source_service_specification.go:134.35,135.79 1 1
github.com/nullplatform/terraform-provider-nullplatform/nullplatform/data_source_service_specification.go:135.79,137.4 1 0
github.com/nullplatform/terraform-provider-nullplatform/nullplatform/data_source_service_specification.go:139.2,139.66 1 1
github.com/nullplatform/terraform-provider-nullplatform/nullplatform/data_source_service_specification.go:139.66,141.3 1 0
github.com/nullplatform/terraform-provider-nullplatform/nullplatform/data_source_service_specification.go:142.2,142.49 1 1
github.com/nullplatform/terraform-provider-nullplatform/nullplatform/data_source_service_specification.go:142.49,144.3 1 0
github.com/nullplatform/terraform-provider-nullplatform/nullplatform/data_source_service_specification.go:146.2,147.16 2 1
github.com/nullplatform/terraform-provider-nullplatform/nullplatform/data_source_service_specification.go:147.16,149.3 1 0
github.com/nullplatform/terraform-provider-nullplatform/nullplatform/data_source_service_specification.go:150.2,150.68 1 1
github.com/nullplatform/terraform-provider-nullplatform/nullplatform/data_source_service_specification.go:150.68,152.3 1 0
github.com/nullplatform/terraform-provider-nullplatform/nullplatform/data_source_service_specification.go:154.2,155.16 2 1
github.com/nullplatform/terraform-provider-nullplatform/nullplatform/data_source_service_specification.go:155.16,157.3 1 0
github.com/nullplatform/terraform-provider-nullplatform/nullplatform/data_source_service_specification.go:158.2,158.68 1 1
github.com/nullplatform/terraform-provider-nullplatform/nullplatform/data_source_service_specification.go:158.68,160.3 1 0
github.com/nullplatform/terraform-provider-nullplatform/nullplatform/data_source_service_specification.go:162.2,163.16 2 1
github.com/nullplatform/terraform-provider-nullplatform/nullplatform/data_source_service_specification.go:163.16,165.3 1 0
github.com/nullplatform/terraform-provider-nullplatform/nullplatform/data_source_service_specification.go:166.2,166.60 1 1
github.com/nullplatform/terraform-provider-nullplatform/nullplatform/data_source_service_specification.go:166.60,168.3 1 0
github.com/nullplatform/terraform-provider-nullplatform/nullplatform/data_source_service_specification.go:170.2,170.27 1 1
github.com/nullplatform/terraform-provider-nullplatform/nullplatform/data_source_service_specification.go:170.27,179.55 2 1
github.com/nullplatform/terraform-provider-nullplatform/nullplatform/data_source_service_specification.go:179.55,181.4 1 0
github.com/nullplatform/terraform-provider-nullplatform/nullplatform/data_source_service_specification.go:184.2,186.12 2 1
github.com/nullplatform/terraform-provider-nullplatform/nullplatform/deployment_strategy.go:26.100,28.58 2 1
github.com/nullplatform/terraform-provider-nullplatform/nullplatform/deployment_strategy.go:28.58,30.3 1 0
github.com/nullplatform/terraform-provider-nullplatform/nullplatform/deployment_strategy.go:32.2,33.16 2 1
github.com/nullplatform/terraform-provider-nullplatform/nullplatform/deployment_strategy.go:33.16,35.3 1 0
github.com/nullplatform/terraform-provider-nullplatform/nullplatform/deployment_strategy.go:36.2,38.77 2 1
github.com/nullplatform/terraform-provider-nullplatform/nullplatform/deployment_strategy.go:38.77,40.65 2 0
github.com/nullplatform/terraform-provider-nullplatform/nullplatform/deployment_strategy.go:40.65,42.4 1 0
github.com/nullplatform/terraform-provider-nullplatform/nullplatform/deployment_strategy.go:43.3,43.136 1 0
github.com/nullplatform/terraform-provider-nullplatform/nullplatform/deployment_strategy.go:46.2,47.64 2 1
github.com/nullplatform/terraform-provider-nullplatform/nullplatform/deployment_strategy.go:47.64,49.3 1 0
github.com/nullplatform/terraform-provider-nullplatform/nullplatform/deployment_strategy.go:51.2,51.19 1 1
github.com/nullplatform/terraform-provider-nullplatform/nullplatform/deployment_strategy.go:54.86,58.16 3 0
github.com/nullplatform/terraform-provider-nullplatform/nullplatform/deployment_strategy.go:58.16,60.3 1 0
github.com/nullplatform/terraform-provider-nullplatform/nullplatform/deployment_strategy.go:61.2,63.37 2 0
github.com/nullplatform/terraform-provider-nullplatform/nullplatform/deployment_strategy.go:63.37,65.3 1 0
github.com/nullplatform/terraform-provider-nullplatform/nullplatform/deployment_strategy.go:67.2,68.61 2 0
github.com/nullplatform/terraform-provider-nullplatform/nullplatform/deployment_strategy.go:68.61,70.3 1 0
github.com/nullplatform/terraform-provider-nullplatform/nullplatform/deployment_strategy.go:72.2,72.16 1 0
github.com/nullplatform/terraform-provider-nullplatform/nullplatform/deployment_strategy.go:75.89,79.58 3 0
github.com/nullplatform/terraform-provider-nullplatform/nullplatform/deployment_strategy.go:79.58,81.3 1 0
github.com/nullplatform/terraform-provider-nullplatform/nullplatform/deployment_strategy.go:83.2,84.16 2 0
github.com/nullplatform/terraform-provider-nullplatform/nullplatform/deployment_strategy.go:84.16,86.3 1 0
github.com/nullplatform/terraform-provider-nullplatform/nullplatform/deployment_strategy.go:87.2,89.79 2 0
github.com/nullplatform/terraform-provider-nullplatform/nullplatform/deployment_strategy.go:89.79,91.65 2 0
github.com/nullplatform/terraform-provider-nullplatform/nullplatform/deployment_strategy.go:91.65,93.4 1 0
github.com/nullplatform/terraform-provider-nullplatform/nullplatform/deployment_strategy.go:94.3,94.131 1 0
github.com/nullplatform/terraform-provider-nullplatform/nullplatform/deployment_strategy.go:97.2,97.12 1 0
github.com/nullplatform/terraform-provider-nullplatform/nullplatform/deployment_strategy.go:100.66,104.16 3 0
github.com/nullplatform/terraform-provider-nullplatform/nullplatform/deployment_strategy.go:104.16,106.3 1 0
github.com/nullplatform/terraform-provider-nullplatform/nullplatform/deployment_strategy.go:107.2,109.120 2 0
github.com/nullplatform/terraform-provider-nullplatform/nullplatform/deployment_strategy.go:109.120,111.65 2 0
github.com/nullplatform/terraform-provider-nullplatform/nullplatform/deployment_strategy.go:111.65,113.4 1 0
github.com/nullplatform/terraform-provider-nullplatform/nullplatform/deployment_strategy.go:114.3,114.122 1 0
github.com/nullplatform/terraform-provider-nullplatform/nullplatform/deployment_strategy.go:117.2,117.12 1 0
github.com/nullplatform/terraform-provider-nullplatform/nullplatform/dimension.go:28.72,31.16 3 0
github.com/nullplatform/terraform-provider-nullplatform/nullplatform/dimension.go:31.16,33.3 1 0
github.com/nullplatform/terraform-provider-nullplatform/nullplatform/dimension.go:35.2,36.16 2 0
github.com/nullplatform/terraform-provider-nullplatform/nullplatform/dimension.go:36.16,38.3 1 0
github.com/nullplatform/terraform-provider-nullplatform/nullplatform/dimension.go:39.2,42.16 3 0
github.com/nullplatform/terraform-provider-nullplatform/nullplatform/dimension.go:42.16,44.3 1 0
github.com/nullplatform/terraform-provider-nullplatform/nullplatform/dimension.go:46.2,46.37 1 0
github.com/nullplatform/terraform-provider-nullplatform/nullplatform/dimension.go:46.37,48.56 2 0
github.com/nullplatform/terraform-provider-nullplatform/nullplatform/dimension.go:48.56,50.4 1 0
github.com/nullplatform/terraform-provider-nullplatform/nullplatform/dimension.go:51.3,51.123 1 0
github.com/nullplatform/terraform-provider-nullplatform/nullplatform/dimension.go:54.2,56.16 3 0
github.com/nullplatform/terraform-provider-nullplatform/nullplatform/dimension.go:56.16,58.3 1 0
github.com/nullplatform/terraform-provider-nullplatform/nullplatform/dimension.go:60.2,60.30 1 0
github.com/nullplatform/terraform-provider-nullplatform/nullplatform/dimension.go:63.92,66.28 2 0
github.com/nullplatform/terraform-provider-nullplatform/nullplatform/dimension.go:66.28,67.57 1 0
github.com/nullplatform/terraform-provider-nullplatform/nullplatform/dimension.go:67.57,71.18 3 0
github.com/nullplatform/terraform-provider-nullplatform/nullplatform/dimension.go:71.18,73.5 1 0
github.com/nullplatform/terraform-provider-nullplatform/nullplatform/dimension.go:74.4,77.18 3 0
github.com/nullplatform/terraform-provider-nullplatform/nullplatform/dimension.go:77.18,79.5 1 0
github.com/nullplatform/terraform-provider-nullplatform/nullplatform/dimension.go:81.4,81.39 1 0
github.com/nullplatform/terraform-provider-nullplatform/nullplatform/dimension.go:81.39,83.58 2 0
github.com/nullplatform/terraform-provider-nullplatform/nullplatform/dimension.go:83.58,85.6 1 0
github.com/nullplatform/terraform-provider-nullplatform/nullplatform/dimension.go:86.5,86.124 1 0
github.com/nullplatform/terraform-provider-nullplatform/nullplatform/dimension.go:89.4,91.18 3 0
github.com/nullplatform/terraform-provider-nullplatform/nullplatform/dimension.go:91.18,93.5 1 0
github.com/nullplatform/terraform-provider-nullplatform/nullplatform/dimension.go:95.4,95.25 1 0
github.com/nullplatform/terraform-provider-nullplatform/nullplatform/dimension.go:99.2,99.30 1 0
github.com/nullplatform/terraform-provider-nullplatform/nullplatform/dimension.go:99.30,101.3 1 0
github.com/nullplatform/terraform-provider-nullplatform/nullplatform/dimension.go:103.2,103.32 1 0
github.com/nullplatform/terraform-provider-nullplatform/nullplatform/dimension.go:103.32,105.3 1 0
github.com/nullplatform/terraform-provider-nullplatform/nullplatform/dimension.go:107.2,107.32 1 0
github.com/nullplatform/terraform-provider-nullplatform/nullplatform/dimension.go:107.32,109.3 1 0
github.com/nullplatform/terraform-provider-nullplatform/nullplatform/dimension.go:111.2,111.36 1 0
github.com/nullplatform/terraform-provider-nullplatform/nullplatform/dimension.go:111.36,113.3 1 0
github.com/nullplatform/terraform-provider-nullplatform/nullplatform/dimension.go:115.2,119.16 4 0
github.com/nullplatform/terraform-provider-nullplatform/nullplatform/dimension.go:119.16,121.3 1 0
github.com/nullplatform/terraform-provider-nullplatform/nullplatform/dimension.go:122.2,125.16 3 0
github.com/nullplatform/terraform-provider-nullplatform/nullplatform/dimension.go:125.16,127.3 1 0
github.com/nullplatform/terraform-provider-nullplatform/nullplatform/dimension.go:129.2,129.37 1 0
github.com/nullplatform/terraform-provider-nullplatform/nullplatform/dimension.go:129.37,131.56 2 0
github.com/nullplatform/terraform-provider-nullplatform/nullplatform/dimension.go:131.56,133.4 1 0
github.com/nullplatform/terraform-provider-nullplatform/nullplatform/dimension.go:134.3,134.122 1 0
github.com/nullplatform/terraform-provider-nullplatform/nullplatform/dimension.go:137.2,139.16 3 0
github.com/nullplatform/terraform-provider-nullplatform/nullplatform/dimension.go:139.16,141.3 1 0
github.com/nullplatform/terraform-provider-nullplatform/nullplatform/dimension.go:143.2,144.9 2 0
github.com/nullplatform/terraform-provider-nullplatform/nullplatform/dimension.go:144.9,146.3 1 0
github.com/nullplatform/terraform-provider-nullplatform/nullplatform/dimension.go:149.2,149.23 1 0
github.com/nullplatform/terraform-provider-nullplatform/nullplatform/dimension.go:149.23,151.3 1 0
github.com/nullplatform/terraform-provider-nullplatform/nullplatform/dimension.go:153.2,157.27 5 0
github.com/nullplatform/terraform-provider-nullplatform/nullplatform/dimension.go:157.27,159.10 2 0
github.com/nullplatform/terraform-provider-nullplatform/nullplatform/dimension.go:159.10,161.4 1 0
github.com/nullplatform/terraform-provider-nullplatform/nullplatform/dimension.go:163.3,163.49 1 0
github.com/nullplatform/terraform-provider-nullplatform/nullplatform/dimension.go:166.2,166.24 1 0
github.com/nullplatform/terraform-provider-nullplatform/nullplatform/dimension.go:169.78,174.16 4 0
github.com/nullplatform/terraform-provider-nullplatform/nullplatform/dimension.go:174.16,176.3 1 0
github.com/nullplatform/terraform-provider-nullplatform/nullplatform/dimension.go:178.2,179.16 2 0
github.com/nullplatform/terraform-provider-nullplatform/nullplatform/dimension.go:179.16,181.3 1 0
github.com/nullplatform/terraform-provider-nullplatform/nullplatform/dimension.go:182.2,185.16 3 0
github.com/nullplatform/terraform-provider-nullplatform/nullplatform/dimension.go:185.16,187.3 1 0
github.com/nullplatform/terraform-provider-nullplatform/nullplatform/dimension.go:189.2,189.79 1 0
github.com/nullplatform/terraform-provider-nullplatform/nullplatform/dimension.go:189.79,191.56 2 0
github.com/nullplatform/terraform-provider-nullplatform/nullplatform/dimension.go:191.56,193.4 1 0
github.com/nullplatform/terraform-provider-nullplatform/nullplatform/dimension.go:194.3,194.118 1 0
github.com/nullplatform/terraform-provider-nullplatform/nullplatform/dimension.go:197.2,197.12 1 0
github.com/nullplatform/terraform-provider-nullplatform/nullplatform/dimension.go:200.64,204.16 3 0
github.com/nullplatform/terraform-provider-nullplatform/nullplatform/dimension.go:204.16,206.3 1 0
github.com/nullplatform/terraform-provider-nullplatform/nullplatform/dimension.go:207.2,210.16 3 0
github.com/nullplatform/terraform-provider-nullplatform/nullplatform/dimension.go:210.16,212.3 1 0
github.com/nullplatform/terraform-provider-nullplatform/nullplatform/dimension.go:214.2,214.120 1 0
github.com/nullplatform/terraform-provider-nullplatform/nullplatform/dimension.go:214.120,216.56 2 0
github.com/nullplatform/terraform-provider-nullplatform/nullplatform/dimension.go:216.56,218.4 1 0
github.com/nullplatform/terraform-provider-nullplatform/nullplatform/dimension.go:219.3,219.118 1 0
github.com/nullplatform/terraform-provider-nullplatform/nullplatform/dimension.go:222.2,222.12 1 0
github.com/nullplatform/terraform-provider-nullplatform/nullplatform/dimension.go:225.74,234.2 1 0
github.com/nullplatform/terraform-provider-nullplatform/nullplatform/dimension.go:236.89,244.2 1 0
github.com/nullplatform/terraform-provider-nullplatform/nullplatform/dimension_value.go:20.88,24.16 4 0
github.com/nullplatform/terraform-provider-nullplatform/nullplatform/dimension_value.go:24.16,26.3 1 0
github.com/nullplatform/terraform-provider-nullplatform/nullplatform/dimension_value.go:28.2,29.16 2 0
github.com/nullplatform/terraform-provider-nullplatform/nullplatform/dimension_value.go:29.16,31.3 1 0
github.com/nullplatform/terraform-provider-nullplatform/nullplatform/dimension_value.go:32.2,35.16 3 0
github.com/nullplatform/terraform-provider-nullplatform/nullplatform/dimension_value.go:35.16,37.3 1 0
github.com/nullplatform/terraform-provider-nullplatform/nullplatform/dimension_value.go:39.2,39.37 1 0
github.com/nullplatform/terraform-provider-nullplatform/nullplatform/dimension_value.go:39.37,41.56 2 0
github.com/nullplatform/terraform-provider-nullplatform/nullplatform/dimension_value.go:41.56,43.4 1 0
github.com/nullplatform/terraform-provider-nullplatform/nullplatform/dimension_value.go:44.3,44.120 1 0
github.com/nullplatform/terraform-provider-nullplatform/nullplatform/dimension_value.go:47.2,49.16 3 0
github.com/nullplatform/terraform-provider-nullplatform/nullplatform/dimension_value.go:49.16,51.3 1 0
github.com/nullplatform/terraform-provider-nullplatform/nullplatform/dimension_value.go:53.2,53.26 1 0
github.com/nullplatform/terraform-provider-nullplatform/nullplatform/dimension_value.go:56.91,60.16 3 0
github.com/nullplatform/terraform-provider-nullplatform/nullplatform/dimension_value.go:60.16,62.3 1 0
github.com/nullplatform/terraform-provider-nullplatform/nullplatform/dimension_value.go:63.2,66.16 3 0
github.com/nullplatform/terraform-provider-nullplatform/nullplatform/dimension_value.go:66.16,68.3 1 0
github.com/nullplatform/terraform-provider-nullplatform/nullplatform/dimension_value.go:70.2,70.37 1 0
github.com/nullplatform/terraform-provider-nullplatform/nullplatform/dimension_value.go:70.37,72.56 2 0
github.com/nullplatform/terraform-provider-nullplatform/nullplatform/dimension_value.go:72.56,74.4 1 0
github.com/nullplatform/terraform-provider-nullplatform/nullplatform/dimension_value.go:75.3,75.119 1 0
github.com/nullplatform/terraform-provider-nullplatform/nullplatform/dimension_value.go:78.2,80.16 3 0
github.com/nullplatform/terraform-provider-nullplatform/nullplatform/dimension_value.go:80.16,82.3 1 0
github.com/nullplatform/terraform-provider-nullplatform/nullplatform/dimension_value.go:84.2,84.19 1 0
github.com/nullplatform/terraform-provider-nullplatform/nullplatform/dimension_value.go:87.75,91.16 3 0
github.com/nullplatform/terraform-provider-nullplatform/nullplatform/dimension_value.go:91.16,93.3 1 0
github.com/nullplatform/terraform-provider-nullplatform/nullplatform/dimension_value.go:94.2,97.16 3 0
github.com/nullplatform/terraform-provider-nullplatform/nullplatform/dimension_value.go:97.16,99.3 1 0
github.com/nullplatform/terraform-provider-nullplatform/nullplatform/dimension_value.go:101.2,101.120 1 0
github.com/nullplatform/terraform-provider-nullplatform/nullplatform/dimension_value.go:101.120,103.56 2 0
github.com/nullplatform/terraform-provider-nullplatform/nullplatform/dimension_value.go:103.56,105.4 1 0
github.com/nullplatform/terraform-provider-nullplatform/nullplatform/dimension_value.go:106.3,106.115 1 0
github.com/nullplatform/terraform-provider-nullplatform/nullplatform/dimension_value.go:109.2,109.12 1 0
github.com/nullplatform/terraform-provider-nullplatform/nullplatform/entity_hook_action.go:26.98,30.16 3 0
github.com/nullplatform/terraform-provider-nullplatform/nullplatform/entity_hook_action.go:30.16,32.3 1 0
github.com/nullplatform/terraform-provider-nullplatform/nullplatform/entity_hook_action.go:34.2,35.16 2 0
[...]
github.com/nullplatform/terraform-provider-nullplatform/nullplatform/service_action_helpers.go:134.3,135.55 2 1
github.com/nullplatform/terraform-provider-nullplatform/nullplatform/service_action_helpers.go:135.55,137.4 1 1
github.com/nullplatform/terraform-provider-nullplatform/nullplatform/service_action_helpers.go:139.2,139.21 1 1
github.com/nullplatform/terraform-provider-nullplatform/nullplatform/service_action_helpers.go:139.21,141.3 1 1
github.com/nullplatform/terraform-provider-nullplatform/nullplatform/service_action_helpers.go:142.2,142.19 1 1
github.com/nullplatform/terraform-provider-nullplatform/nullplatform/service_action_helpers.go:142.19,144.3 1 1
github.com/nullplatform/terraform-provider-nullplatform/nullplatform/service_action_helpers.go:145.2,145.21 1 0
github.com/nullplatform/terraform-provider-nullplatform/nullplatform/service_specification.go:43.105,46.16 3 1
github.com/nullplatform/terraform-provider-nullplatform/nullplatform/service_specification.go:46.16,48.3 1 0
github.com/nullplatform/terraform-provider-nullplatform/nullplatform/service_specification.go:50.2,51.16 2 1
github.com/nullplatform/terraform-provider-nullplatform/nullplatform/service_specification.go:51.16,53.3 1 0
github.com/nullplatform/terraform-provider-nullplatform/nullplatform/service_specification.go:54.2,56.77 2 1
github.com/nullplatform/terraform-provider-nullplatform/nullplatform/service_specification.go:56.77,59.3 2 0
github.com/nullplatform/terraform-provider-nullplatform/nullplatform/service_specification.go:61.2,62.63 2 1
github.com/nullplatform/terraform-provider-nullplatform/nullplatform/service_specification.go:62.63,64.3 1 0
github.com/nullplatform/terraform-provider-nullplatform/nullplatform/service_specification.go:66.2,66.18 1 1
github.com/nullplatform/terraform-provider-nullplatform/nullplatform/service_specification.go:69.92,73.16 3 1
github.com/nullplatform/terraform-provider-nullplatform/nullplatform/service_specification.go:73.16,75.3 1 0
github.com/nullplatform/terraform-provider-nullplatform/nullplatform/service_specification.go:76.2,78.37 2 1
github.com/nullplatform/terraform-provider-nullplatform/nullplatform/service_specification.go:78.37,81.3 2 0
github.com/nullplatform/terraform-provider-nullplatform/nullplatform/service_specification.go:83.2,84.63 2 1
github.com/nullplatform/terraform-provider-nullplatform/nullplatform/service_specification.go:84.63,86.3 1 0
github.com/nullplatform/terraform-provider-nullplatform/nullplatform/service_specification.go:88.2,88.18 1 1
github.com/nullplatform/terraform-provider-nullplatform/nullplatform/service_specification.go:91.94,96.16 4 1
github.com/nullplatform/terraform-provider-nullplatform/nullplatform/service_specification.go:96.16,98.3 1 0
github.com/nullplatform/terraform-provider-nullplatform/nullplatform/service_specification.go:100.2,101.16 2 1
github.com/nullplatform/terraform-provider-nullplatform/nullplatform/service_specification.go:101.16,103.3 1 0
github.com/nullplatform/terraform-provider-nullplatform/nullplatform/service_specification.go:104.2,106.79 2 1
github.com/nullplatform/terraform-provider-nullplatform/nullplatform/service_specification.go:106.79,109.3 2 0
github.com/nullplatform/terraform-provider-nullplatform/nullplatform/service_specification.go:111.2,111.12 1 1
github.com/nullplatform/terraform-provider-nullplatform/nullplatform/service_specification.go:114.70,118.16 3 0
github.com/nullplatform/terraform-provider-nullplatform/nullplatform/service_specification.go:118.16,120.3 1 0
github.com/nullplatform/terraform-provider-nullplatform/nullplatform/service_specification.go:121.2,123.120 2 0
github.com/nullplatform/terraform-provider-nullplatform/nullplatform/service_specification.go:123.120,126.3 2 0
github.com/nullplatform/terraform-provider-nullplatform/nullplatform/service_specification.go:128.2,128.12 1 0
github.com/nullplatform/terraform-provider-nullplatform/nullplatform/snapshot.go:27.75,31.16 3 1
github.com/nullplatform/terraform-provider-nullplatform/nullplatform/snapshot.go:31.16,33.3 1 0
github.com/nullplatform/terraform-provider-nullplatform/nullplatform/snapshot.go:34.2,37.16 3 1
github.com/nullplatform/terraform-provider-nullplatform/nullplatform/snapshot.go:37.16,39.3 1 0
github.com/nullplatform/terraform-provider-nullplatform/nullplatform/snapshot.go:41.2,41.43 1 1
github.com/nullplatform/terraform-provider-nullplatform/nullplatform/snapshot.go:41.43,43.3 1 0
github.com/nullplatform/terraform-provider-nullplatform/nullplatform/snapshot.go:44.2,44.50 1 1
github.com/nullplatform/terraform-provider-nullplatform/nullplatform/snapshot.go:44.50,46.3 1 0
github.com/nullplatform/terraform-provider-nullplatform/nullplatform/snapshot.go:48.2,49.51 2 1
github.com/nullplatform/terraform-provider-nullplatform/nullplatform/snapshot.go:49.51,51.3 1 1
github.com/nullplatform/terraform-provider-nullplatform/nullplatform/snapshot.go:53.2,55.40 3 1
github.com/nullplatform/terraform-provider-nullplatform/nullplatform/snapshot.go:55.40,56.40 1 0
github.com/nullplatform/terraform-provider-nullplatform/nullplatform/snapshot.go:56.40,59.4 2 0
github.com/nullplatform/terraform-provider-nullplatform/nullplatform/snapshot.go:61.2,61.22 1 1
github.com/nullplatform/terraform-provider-nullplatform/nullplatform/spec_bom.go:21.58,36.2 1 1
github.com/nullplatform/terraform-provider-nullplatform/nullplatform/spec_bom.go:48.106,51.41 3 1
github.com/nullplatform/terraform-provider-nullplatform/nullplatform/spec_bom.go:51.41,51.83 1 0
github.com/nullplatform/terraform-provider-nullplatform/nullplatform/spec_bom.go:53.2,54.27 2 1
github.com/nullplatform/terraform-provider-nullplatform/nullplatform/spec_bom.go:54.27,62.3 2 0
github.com/nullplatform/terraform-provider-nullplatform/nullplatform/spec_bom.go:63.2,63.12 1 1
github.com/nullplatform/terraform-provider-nullplatform/nullplatform/spec_bom.go:77.77,78.80 1 1
github.com/nullplatform/terraform-provider-nullplatform/nullplatform/spec_bom.go:78.80,79.19 1 1
github.com/nullplatform/terraform-provider-nullplatform/nullplatform/spec_bom.go:79.19,81.4 1 1
github.com/nullplatform/terraform-provider-nullplatform/nullplatform/spec_bom.go:82.3,83.35 2 1
github.com/nullplatform/terraform-provider-nullplatform/nullplatform/spec_bom.go:83.35,84.22 1 1
github.com/nullplatform/terraform-provider-nullplatform/nullplatform/spec_bom.go:84.22,86.10 2 1
github.com/nullplatform/terraform-provider-nullplatform/nullplatform/spec_bom.go:89.3,89.15 1 1
github.com/nullplatform/terraform-provider-nullplatform/nullplatform/spec_bom.go:89.15,91.4 1 0
github.com/nullplatform/terraform-provider-nullplatform/nullplatform/spec_bom.go:92.3,92.62 1 1
github.com/nullplatform/terraform-provider-nullplatform/nullplatform/spec_bom.go:92.62,94.4 1 0
github.com/nullplatform/terraform-provider-nullplatform/nullplatform/spec_bom.go:95.3,95.51 1 1
github.com/nullplatform/terraform-provider-nullplatform/nullplatform/specification_flags.go:15.59,16.36 1 1
github.com/nullplatform/terraform-provider-nullplatform/nullplatform/specification_flags.go:16.36,18.3 1 1
github.com/nullplatform/terraform-provider-nullplatform/nullplatform/specification_flags.go:19.2,19.65 1 1
github.com/nullplatform/terraform-provider-nullplatform/nullplatform/specification_flags.go:19.65,21.3 1 1
github.com/nullplatform/terraform-provider-nullplatform/nullplatform/specification_flags.go:22.2,23.40 2 1
github.com/nullplatform/terraform-provider-nullplatform/nullplatform/specification_flags.go:23.40,25.3 1 1
github.com/nullplatform/terraform-provider-nullplatform/nullplatform/specification_flags.go:26.2,27.20 2 1
github.com/nullplatform/terraform-provider-nullplatform/nullplatform/specification_flags.go:36.103,42.2 2 1
github.com/nullplatform/terraform-provider-nullplatform/nullplatform/specification_flags.go:46.67,47.39 1 1
github.com/nullplatform/terraform-provider-nullplatform/nullplatform/specification_flags.go:47.39,49.3 1 1
github.com/nullplatform/terraform-provider-nullplatform/nullplatform/specification_flags.go:50.2,50.28 1 1
github.com/nullplatform/terraform-provider-nullplatform/nullplatform/specification_flags.go:50.28,54.3 1 1
github.com/nullplatform/terraform-provider-nullplatform/nullplatform/specification_flags.go:55.2,55.12 1 1
github.com/nullplatform/terraform-provider-nullplatform/nullplatform/technology_template.go:31.45,32.16 1 0
github.com/nullplatform/terraform-provider-nullplatform/nullplatform/technology_template.go:32.16,34.3 1 0
github.com/nullplatform/terraform-provider-nullplatform/nullplatform/technology_template.go:35.2,35.22 1 0
github.com/nullplatform/terraform-provider-nullplatform/nullplatform/technology_template.go:38.55,39.26 1 0
github.com/nullplatform/terraform-provider-nullplatform/nullplatform/technology_template.go:39.26,41.3 1 0
github.com/nullplatform/terraform-provider-nullplatform/nullplatform/technology_template.go:42.2,42.32 1 0
github.com/nullplatform/terraform-provider-nullplatform/nullplatform/technology_template.go:45.50,46.21 1 0
github.com/nullplatform/terraform-provider-nullplatform/nullplatform/technology_template.go:46.21,48.3 1 0
github.com/nullplatform/terraform-provider-nullplatform/nullplatform/technology_template.go:49.2,49.27 1 0
github.com/nullplatform/terraform-provider-nullplatform/nullplatform/technology_template.go:52.99,55.16 3 0
github.com/nullplatform/terraform-provider-nullplatform/nullplatform/technology_template.go:55.16,57.3 1 0
github.com/nullplatform/terraform-provider-nullplatform/nullplatform/technology_template.go:59.2,60.16 2 0
github.com/nullplatform/terraform-provider-nullplatform/nullplatform/technology_template.go:60.16,62.3 1 0
github.com/nullplatform/terraform-provider-nullplatform/nullplatform/technology_template.go:63.2,65.77 2 0
github.com/nullplatform/terraform-provider-nullplatform/nullplatform/technology_template.go:65.77,68.3 2 0
github.com/nullplatform/terraform-provider-nullplatform/nullplatform/technology_template.go:70.2,71.63 2 0
github.com/nullplatform/terraform-provider-nullplatform/nullplatform/technology_template.go:71.63,73.3 1 0
github.com/nullplatform/terraform-provider-nullplatform/nullplatform/technology_template.go:75.2,75.18 1 0
github.com/nullplatform/terraform-provider-nullplatform/nullplatform/technology_template.go:78.92,82.16 3 0
github.com/nullplatform/terraform-provider-nullplatform/nullplatform/technology_template.go:82.16,84.3 1 0
github.com/nullplatform/terraform-provider-nullplatform/nullplatform/technology_template.go:85.2,87.37 2 0
github.com/nullplatform/terraform-provider-nullplatform/nullplatform/technology_template.go:87.37,90.3 2 0
github.com/nullplatform/terraform-provider-nullplatform/nullplatform/technology_template.go:92.2,93.67 2 0
github.com/nullplatform/terraform-provider-nullplatform/nullplatform/technology_template.go:93.67,95.3 1 0
github.com/nullplatform/terraform-provider-nullplatform/nullplatform/technology_template.go:97.2,97.22 1 0
github.com/nullplatform/terraform-provider-nullplatform/nullplatform/technology_template.go:100.94,105.16 4 0
github.com/nullplatform/terraform-provider-nullplatform/nullplatform/technology_template.go:105.16,107.3 1 0
github.com/nullplatform/terraform-provider-nullplatform/nullplatform/technology_template.go:109.2,110.16 2 0
github.com/nullplatform/terraform-provider-nullplatform/nullplatform/technology_template.go:110.16,112.3 1 0
github.com/nullplatform/terraform-provider-nullplatform/nullplatform/technology_template.go:113.2,115.120 2 0
github.com/nullplatform/terraform-provider-nullplatform/nullplatform/technology_template.go:115.120,118.3 2 0
github.com/nullplatform/terraform-provider-nullplatform/nullplatform/technology_template.go:120.2,120.12 1 0
github.com/nullplatform/terraform-provider-nullplatform/nullplatform/technology_template.go:123.72,127.16 3 0
github.com/nullplatform/terraform-provider-nullplatform/nullplatform/technology_template.go:127.16,129.3 1 0
github.com/nullplatform/terraform-provider-nullplatform/nullplatform/technology_template.go:130.2,132.120 2 0
github.com/nullplatform/terraform-provider-nullplatform/nullplatform/technology_template.go:132.120,134.65 2 0
github.com/nullplatform/terraform-provider-nullplatform/nullplatform/technology_template.go:134.65,136.4 1 0
github.com/nullplatform/terraform-provider-nullplatform/nullplatform/technology_template.go:137.3,137.122 1 0
github.com/nullplatform/terraform-provider-nullplatform/nullplatform/technology_template.go:140.2,140.12 1 0
github.com/nullplatform/terraform-provider-nullplatform/nullplatform/user.go:48.57,60.16 4 0
github.com/nullplatform/terraform-provider-nullplatform/nullplatform/user.go:60.16,62.3 1 0
github.com/nullplatform/terraform-provider-nullplatform/nullplatform/user.go:64.2,65.16 2 0
github.com/nullplatform/terraform-provider-nullplatform/nullplatform/user.go:65.16,67.3 1 0
github.com/nullplatform/terraform-provider-nullplatform/nullplatform/user.go:68.2,70.37 2 0
github.com/nullplatform/terraform-provider-nullplatform/nullplatform/user.go:70.37,72.68 2 0
github.com/nullplatform/terraform-provider-nullplatform/nullplatform/user.go:72.68,75.4 2 0
github.com/nullplatform/terraform-provider-nullplatform/nullplatform/user.go:77.3,77.52 1 0
github.com/nullplatform/terraform-provider-nullplatform/nullplatform/user.go:77.52,79.4 1 0
github.com/nullplatform/terraform-provider-nullplatform/nullplatform/user.go:81.3,82.115 2 0
github.com/nullplatform/terraform-provider-nullplatform/nullplatform/user.go:85.2,86.63 2 0
github.com/nullplatform/terraform-provider-nullplatform/nullplatform/user.go:86.63,88.3 1 0
github.com/nullplatform/terraform-provider-nullplatform/nullplatform/user.go:90.2,90.18 1 0
github.com/nullplatform/terraform-provider-nullplatform/nullplatform/user.go:93.60,97.16 3 0
github.com/nullplatform/terraform-provider-nullplatform/nullplatform/user.go:97.16,99.3 1 0
github.com/nullplatform/terraform-provider-nullplatform/nullplatform/user.go:100.2,102.37 2 0
github.com/nullplatform/terraform-provider-nullplatform/nullplatform/user.go:102.37,105.3 2 0
github.com/nullplatform/terraform-provider-nullplatform/nullplatform/user.go:107.2,108.63 2 0
github.com/nullplatform/terraform-provider-nullplatform/nullplatform/user.go:108.63,110.3 1 0
github.com/nullplatform/terraform-provider-nullplatform/nullplatform/user.go:112.2,112.18 1 0
github.com/nullplatform/terraform-provider-nullplatform/nullplatform/user.go:115.63,120.16 4 0
github.com/nullplatform/terraform-provider-nullplatform/nullplatform/user.go:120.16,122.3 1 0
github.com/nullplatform/terraform-provider-nullplatform/nullplatform/user.go:124.2,125.16 2 0
github.com/nullplatform/terraform-provider-nullplatform/nullplatform/user.go:125.16,127.3 1 0
github.com/nullplatform/terraform-provider-nullplatform/nullplatform/user.go:128.2,130.79 2 0
github.com/nullplatform/terraform-provider-nullplatform/nullplatform/user.go:130.79,133.3 2 0
github.com/nullplatform/terraform-provider-nullplatform/nullplatform/user.go:135.2,135.12 1 0
github.com/nullplatform/terraform-provider-nullplatform/nullplatform/user.go:138.54,147.16 5 0
github.com/nullplatform/terraform-provider-nullplatform/nullplatform/user.go:147.16,149.3 1 0
github.com/nullplatform/terraform-provider-nullplatform/nullplatform/user.go:151.2,152.16 2 0
github.com/nullplatform/terraform-provider-nullplatform/nullplatform/user.go:152.16,154.3 1 0
github.com/nullplatform/terraform-provider-nullplatform/nullplatform/user.go:155.2,157.120 2 0
github.com/nullplatform/terraform-provider-nullplatform/nullplatform/user.go:157.120,160.3 2 0
github.com/nullplatform/terraform-provider-nullplatform/nullplatform/user.go:162.2,162.12 1 0
github.com/nullplatform/terraform-provider-nullplatform/nullplatform/user.go:165.66,169.16 3 0
github.com/nullplatform/terraform-provider-nullplatform/nullplatform/user.go:169.16,171.3 1 0
github.com/nullplatform/terraform-provider-nullplatform/nullplatform/user.go:172.2,174.37 2 0
github.com/nullplatform/terraform-provider-nullplatform/nullplatform/user.go:174.37,177.3 2 0
github.com/nullplatform/terraform-provider-nullplatform/nullplatform/user.go:179.2,180.69 2 0
github.com/nullplatform/terraform-provider-nullplatform/nullplatform/user.go:180.69,182.3 1 0
github.com/nullplatform/terraform-provider-nullplatform/nullplatform/user.go:184.2,185.21 2 0
github.com/nullplatform/terraform-provider-nullplatform/nullplatform/user.go:185.21,187.3 1 0
github.com/nullplatform/terraform-provider-nullplatform/nullplatform/user.go:189.2,191.19 2 0
github.com/nullplatform/terraform-provider-nullplatform/nullplatform/utils.go:20.63,22.18 2 1
github.com/nullplatform/terraform-provider-nullplatform/nullplatform/utils.go:22.18,24.3 1 0
github.com/nullplatform/terraform-provider-nullplatform/nullplatform/utils.go:25.2,25.45 1 1
github.com/nullplatform/terraform-provider-nullplatform/nullplatform/utils.go:25.45,27.3 1 1
github.com/nullplatform/terraform-provider-nullplatform/nullplatform/utils.go:28.2,29.11 2 1
github.com/nullplatform/terraform-provider-nullplatform/nullplatform/utils.go:32.46,35.30 2 0
github.com/nullplatform/terraform-provider-nullplatform/nullplatform/utils.go:35.30,37.3 1 0
github.com/nullplatform/terraform-provider-nullplatform/nullplatform/utils.go:39.2,39.19 1 0
github.com/nullplatform/terraform-provider-nullplatform/nullplatform/utils.go:42.52,43.20 1 0
github.com/nullplatform/terraform-provider-nullplatform/nullplatform/utils.go:44.10,47.17 2 0
github.com/nullplatform/terraform-provider-nullplatform/nullplatform/utils.go:47.17,49.4 1 0
github.com/nullplatform/terraform-provider-nullplatform/nullplatform/utils.go:50.3,50.33 1 0
github.com/nullplatform/terraform-provider-nullplatform/nullplatform/utils.go:54.51,57.30 2 0
github.com/nullplatform/terraform-provider-nullplatform/nullplatform/utils.go:57.30,59.3 1 0
github.com/nullplatform/terraform-provider-nullplatform/nullplatform/utils.go:61.2,61.19 1 0
github.com/nullplatform/terraform-provider-nullplatform/nullplatform/utils.go:64.36,65.20 1 0
github.com/nullplatform/terraform-provider-nullplatform/nullplatform/utils.go:67.22,68.34 1 0
github.com/nullplatform/terraform-provider-nullplatform/nullplatform/utils.go:69.10,71.72 2 0
github.com/nullplatform/terraform-provider-nullplatform/nullplatform/utils.go:71.72,73.4 1 0
github.com/nullplatform/terraform-provider-nullplatform/nullplatform/utils.go:74.3,74.29 1 0
github.com/nullplatform/terraform-provider-nullplatform/nullplatform/utils.go:78.37,80.68 2 0
github.com/nullplatform/terraform-provider-nullplatform/nullplatform/utils.go:80.68,82.3 1 0
github.com/nullplatform/terraform-provider-nullplatform/nullplatform/utils.go:83.2,83.20 1 0
github.com/nullplatform/terraform-provider-nullplatform/nullplatform/utils.go:86.80,88.22 2 1
github.com/nullplatform/terraform-provider-nullplatform/nullplatform/utils.go:88.22,90.3 1 1
github.com/nullplatform/terraform-provider-nullplatform/nullplatform/utils.go:91.2,91.12 1 1
github.com/nullplatform/terraform-provider-nullplatform/nullplatform/utils.go:94.42,95.25 1 1
github.com/nullplatform/terraform-provider-nullplatform/nullplatform/utils.go:96.14,97.13 1 1
github.com/nullplatform/terraform-provider-nullplatform/nullplatform/utils.go:98.12,99.10 1 1
github.com/nullplatform/terraform-provider-nullplatform/nullplatform/utils.go:99.10,101.4 1 1
github.com/nullplatform/terraform-provider-nullplatform/nullplatform/utils.go:103.3,103.17 1 1
github.com/nullplatform/terraform-provider-nullplatform/nullplatform/utils.go:104.15,105.33 1 1
github.com/nullplatform/terraform-provider-nullplatform/nullplatform/utils.go:105.33,107.4 1 1
github.com/nullplatform/terraform-provider-nullplatform/nullplatform/utils.go:109.3,109.32 1 1
github.com/nullplatform/terraform-provider-nullplatform/nullplatform/utils.go:110.11,111.32 1 1
github.com/nullplatform/terraform-provider-nullplatform/nullplatform/utils.go:112.13,113.32 1 1
github.com/nullplatform/terraform-provider-nullplatform/nullplatform/utils.go:114.10,115.32 1 1
